The system is: Linux - 4.12.14-150.69.1.22005.0.PTF.1183816-default - x86_64
Compiling the C compiler identification source file "CMakeCCompilerId.c" succeeded.
Compiler: /opt/cray/pe/craype/2.6.2/bin/cc 
Build flags: 
Id flags:  

The output was:
0


Compilation of the C compiler identification source "CMakeCCompilerId.c" produced "a.out"

The C compiler identification is Intel, found in "/global/homes/b/bhavay07/hnswlib/CMakeFiles/3.10.2/CompilerIdC/a.out"

Compiling the CXX compiler identification source file "CMakeCXXCompilerId.cpp" succeeded.
Compiler: /opt/cray/pe/craype/2.6.2/bin/CC 
Build flags: 
Id flags:  

The output was:
0


Compilation of the CXX compiler identification source "CMakeCXXCompilerId.cpp" produced "a.out"

The CXX compiler identification is Intel, found in "/global/homes/b/bhavay07/hnswlib/CMakeFiles/3.10.2/CompilerIdCXX/a.out"

Determining if the C compiler works passed with the following output:
Change Dir: /global/homes/b/bhavay07/hnswlib/CMakeFiles/CMakeTmp

Run Build Command:"/usr/bin/gmake" "cmTC_01094/fast"
gmake[1]: Entering directory '/global/u2/b/bhavay07/hnswlib/CMakeFiles/CMakeTmp'
/usr/bin/gmake -f CMakeFiles/cmTC_01094.dir/build.make CMakeFiles/cmTC_01094.dir/build
gmake[2]: Entering directory '/global/u2/b/bhavay07/hnswlib/CMakeFiles/CMakeTmp'
Building C object CMakeFiles/cmTC_01094.dir/testCCompiler.c.o
/opt/cray/pe/craype/2.6.2/bin/cc    -o CMakeFiles/cmTC_01094.dir/testCCompiler.c.o   -c /global/homes/b/bhavay07/hnswlib/CMakeFiles/CMakeTmp/testCCompiler.c
Linking C executable cmTC_01094
/usr/bin/cmake -E cmake_link_script CMakeFiles/cmTC_01094.dir/link.txt --verbose=1
/opt/cray/pe/craype/2.6.2/bin/cc      CMakeFiles/cmTC_01094.dir/testCCompiler.c.o  -o cmTC_01094 
gmake[2]: Leaving directory '/global/u2/b/bhavay07/hnswlib/CMakeFiles/CMakeTmp'
gmake[1]: Leaving directory '/global/u2/b/bhavay07/hnswlib/CMakeFiles/CMakeTmp'


Detecting C compiler ABI info compiled with the following output:
Change Dir: /global/homes/b/bhavay07/hnswlib/CMakeFiles/CMakeTmp

Run Build Command:"/usr/bin/gmake" "cmTC_5ab86/fast"
gmake[1]: Entering directory '/global/u2/b/bhavay07/hnswlib/CMakeFiles/CMakeTmp'
/usr/bin/gmake -f CMakeFiles/cmTC_5ab86.dir/build.make CMakeFiles/cmTC_5ab86.dir/build
gmake[2]: Entering directory '/global/u2/b/bhavay07/hnswlib/CMakeFiles/CMakeTmp'
Building C object CMakeFiles/cmTC_5ab86.dir/CMakeCCompilerABI.c.o
/opt/cray/pe/craype/2.6.2/bin/cc    -o CMakeFiles/cmTC_5ab86.dir/CMakeCCompilerABI.c.o   -c /usr/share/cmake/Modules/CMakeCCompilerABI.c
Linking C executable cmTC_5ab86
/usr/bin/cmake -E cmake_link_script CMakeFiles/cmTC_5ab86.dir/link.txt --verbose=1
/opt/cray/pe/craype/2.6.2/bin/cc     -v CMakeFiles/cmTC_5ab86.dir/CMakeCCompilerABI.c.o  -o cmTC_5ab86 
__INTEL_PRE_CFLAGS options:  -Qlocation,ld,/global/common/cori/software/altd/2.0/bin
icc version 19.0.3.199 (gcc version 7.5.0 compatibility)
/opt/intel/compilers_and_libraries_2019.3.199/linux/bin/intel64/mcpcom    -mGLOB_em64t=TRUE -mP1OPT_version=19.0-intel64 -mGLOB_diag_file=CMakeFiles/cmTC_5ab86.dir/CMakeCCompilerABI.c.diag -mGLOB_long_size_64 -mGLOB_routine_pointer_size_64 -mP1OPT_print_version=FALSE -mCG_use_gas_got_workaround=F -mP2OPT_align_option_used=TRUE -mGLOB_gcc_version=750 "-mGLOB_options_string=-I/opt/cray/pe/libsci/19.06.1/INTEL/16.0/x86_64/include -I/opt/cray/pe/mpt/7.7.10/gni/mpich-intel/16.0/include -I/opt/cray/rca/2.2.20-7.0.1.1_4.65__g8e3fb5b.ari/include -I/opt/cray/alps/6.6.58-7.0.1.1_6.22__g437d88db.ari/include -I/opt/cray/xpmem/2.2.20-7.0.1.1_4.23__g0475745.ari/include -I/opt/cray/gni-headers/5.0.12.0-7.0.1.1_6.43__g3b1768f.ari/include -I/opt/cray/pe/pmi/5.0.14/include -I/opt/cray/ugni/6.0.14.0-7.0.1.1_7.54__ge78e5b0.ari/include -I/opt/cray/udreg/2.3.2-7.0.1.1_3.52__g8175d3d.ari/include -I/opt/cray/wlm_detect/1.3.3-7.0.1.1_4.21__g7109084.ari/include -I/opt/cray/krca/2.2.6-7.0.1.1_5.48__gb641b12.ari/include -I/opt/cray-hss-devel/9.0.0/include -Qlocation,ld,/global/common/cori/software/altd/2.0/bin -xCORE-AVX2 -D__CRAYXC -D__CRAY_HASWELL -D__CRAYXT_COMPUTE_LINUX_TARGET -v -o cmTC_5ab86 -Wl,-rpath=/opt/intel/compilers_and_libraries_2019.3.199/linux/compiler/lib/intel64 -L/opt/cray/pe/libsci/19.06.1/INTEL/16.0/x86_64/lib -L/opt/cray/dmapp/default/lib64 -L/opt/cray/pe/mpt/7.7.10/gni/mpich-intel/16.0/lib -L/opt/cray/rca/2.2.20-7.0.1.1_4.65__g8e3fb5b.ari/lib64 -L/usr/common/software/darshan/3.2.1/lib -L/opt/cray/pe/atp/2.1.3/libApp -Wl,-Ttext-segment=0x20000000 -Wl,-zmax-page-size=0x20000000 -Wl,--whole-archive,-lhugetlbfs,--no-whole-archive -Wl,--no-as-needed,-lAtpSigHandler,-lAtpSigHCommData -Wl,--undefined=_ATP_Data_Globals -Wl,--undefined=__atpHandlerInstall -lrca -Wl,-rpath=/usr/common/software/darshan/3.2.1/lib -Wl,-no-as-needed -ldarshan -lz -Wl,--as-needed,-lmpich_intel,--no-as-needed -Wl,--as-needed,-lsci_intel_mpi,--no-as-needed -Wl,--as-needed,-lsci_intel,--no-as-needed -Wl,--as-needed,-limf,--no-as-needed -Wl,--as-needed,-lm,--no-as-needed -Wl,--as-needed,-lifcoremt,--no-as-needed -Wl,--as-needed,-lifport,--no-as-needed -Wl,--as-needed,-lpthread,--no-as-needed" -mGLOB_cxx_limited_range=FALSE -mCG_extend_parms=FALSE -mGLOB_compiler_bin_directory=/opt/intel/compilers_and_libraries_2019.3.199/linux/bin/intel64 -mGLOB_as_output_backup_file_name=/tmp/iccBHfzyZas_.s -mGLOB_dashboard_use_source_name -mIPOPT_activate -mGLOB_product_id_code=0x22006d93 -mGLOB_extended_instructions=0x4000 -mGLOB_advanced_optim=TRUE -mP3OPT_use_mspp_call_convention -mP2OPT_subs_out_of_bound=FALSE -mP2OPT_disam_type_based_disam=2 -mP2OPT_disam_assume_ansi_c -mP2OPT_checked_disam_ansi_alias=TRUE -mGLOB_ansi_alias -mPGOPTI_value_profile_use=T -mGLOB_opt_report_use_source_name -mP2OPT_il0_array_sections=TRUE -mGLOB_offload_mode=1 -mP2OPT_offload_unique_var_string=icc0868318866d1z4YJ -mP2OPT_hlo -mP2OPT_hpo_rtt_control=0 -mIPOPT_args_in_regs=0 -mP2OPT_disam_assume_nonstd_intent_in=FALSE -mGLOB_imf_mapping_library=/opt/intel/compilers_and_libraries_2019.3.199/linux/bin/intel64/libiml_attr.so -mPGOPTI_gen_threadsafe_level=0 -mIPOPT_link -mIPOPT_ipo_activate -mIPOPT_mo_activate -mIPOPT_source_files_list=/tmp/iccslisxT8ANq -mIPOPT_mo_global_data -mIPOPT_link_script_file=/tmp/iccscriptt014aI "-mIPOPT_cmdline_link="/usr/lib64/gcc/x86_64-suse-linux/7/../../../../lib64/crt1.o" "/usr/lib64/gcc/x86_64-suse-linux/7/../../../../lib64/crti.o" "/usr/lib64/gcc/x86_64-suse-linux/7/crtbegin.o" "--eh-frame-hdr" "--build-id" "-dynamic-linker" "/lib64/ld-linux-x86-64.so.2" "-m" "elf_x86_64" "-L/opt/cray/pe/libsci/19.06.1/INTEL/16.0/x86_64/lib" "-L/opt/cray/dmapp/default/lib64" "-L/opt/cray/pe/mpt/7.7.10/gni/mpich-intel/16.0/lib" "-L/opt/cray/rca/2.2.20-7.0.1.1_4.65__g8e3fb5b.ari/lib64" "-L/usr/common/software/darshan/3.2.1/lib" "-L/opt/cray/pe/atp/2.1.3/libApp" "-o" "cmTC_5ab86" "-L/opt/intel/compilers_and_libraries_2019.3.199/linux/compiler/lib/intel64" "-L/opt/intel/compilers_and_libraries_2019.3.199/linux/mkl/lib/intel64" "-L/opt/intel/compilers_and_libraries_2019.3.199/linux/compiler/lib/intel64_lin" "-L/usr/lib64/gcc/x86_64-suse-linux/7/" "-L/usr/lib64/gcc/x86_64-suse-linux/7/../../../../lib64" "-L/usr/lib64/gcc/x86_64-suse-linux/7/../../../../lib64/" "-L/lib/../lib64" "-L/lib/../lib64/" "-L/usr/lib/../lib64" "-L/usr/lib/../lib64/" "-L/opt/intel/compilers_and_libraries_2019.3.199/linux/compiler/lib/intel64/" "-L/opt/intel/compilers_and_libraries_2019.3.199/linux/mkl/lib/intel64/" "-L/usr/lib64/gcc/x86_64-suse-linux/7/../../../../x86_64-suse-linux/lib/" "-L/usr/lib64/gcc/x86_64-suse-linux/7/../../../" "-L/lib64" "-L/lib/" "-L/usr/lib64" "-L/usr/lib" "CMakeFiles/cmTC_5ab86.dir/CMakeCCompilerABI.c.o" "-rpath=/opt/intel/compilers_and_libraries_2019.3.199/linux/compiler/lib/intel64" "-Ttext-segment=0x20000000" "-zmax-page-size=0x20000000" "--whole-archive" "-lhugetlbfs" "--no-whole-archive" "--no-as-needed" "-lAtpSigHandler" "-lAtpSigHCommData" "--undefined=_ATP_Data_Globals" "--undefined=__atpHandlerInstall" "-lrca" "-rpath=/usr/common/software/darshan/3.2.1/lib" "-no-as-needed" "-ldarshan" "-lz" "--as-needed" "-lmpich_intel" "--no-as-needed" "--as-needed" "-lsci_intel_mpi" "--no-as-needed" "--as-needed" "-lsci_intel" "--no-as-needed" "--as-needed" "-limf" "--no-as-needed" "--as-needed" "-lm" "--no-as-needed" "--as-needed" "-lifcoremt" "--no-as-needed" "--as-needed" "-lifport" "--no-as-needed" "--as-needed" "-lpthread" "--no-as-needed" "-Bdynamic" "-Bstatic" "-limf" "-lsvml" "-lirng" "-Bdynamic" "-lm" "-Bstatic" "-lipgo" "-ldecimal" "--as-needed" "-Bdynamic" "-lcilkrts" "-lstdc++" "--no-as-needed" "-lgcc" "-lgcc_s" "-Bstatic" "-lirc" "-lsvml" "-Bdynamic" "-lc" "-lgcc" "-lgcc_s" "-Bstatic" "-lirc_s" "-Bdynamic" "-ldl" "-lc" "/usr/lib64/gcc/x86_64-suse-linux/7/crtend.o" "/usr/lib64/gcc/x86_64-suse-linux/7/../../../../lib64/crtn.o"" -mIPOPT_il_in_obj -mIPOPT_ipo_activate_warn=FALSE -mIPOPT_obj_output_file_name=/tmp/ipo_iccpiuIwK.o -mIPOPT_whole_archive_fixup_file_name=/tmp/iccwarchjU9TIz -mGLOB_linker_version=2.35.1.20201123 -mGLOB_linker=/global/common/cori/software/altd/2.0/bin/ld -mGLOB_driver_tempfile_name=/tmp/icctempfileZnWKvS -mP3OPT_asm_target=P3OPT_ASM_TARGET_GAS -mGLOB_async_unwind_tables=TRUE -mGLOB_obj_output_file=/tmp/ipo_iccpiuIwK.o -mGLOB_source_dialect=GLOB_SOURCE_DIALECT_NONE -mP1OPT_source_file_name=ipo_out.c CMakeFiles/cmTC_5ab86.dir/CMakeCCompilerABI.c.o -mIPOPT_object_files=T -mIPOPT_assembly_files=/tmp/iccalismnKFhj -mIPOPT_generated_tempfiles=/tmp/iccelis2Ss9EA -mIPOPT_embedded_object_base_name=/tmp/icceobjlL5C2R -mIPOPT_cmdline_link_new_name=/tmp/iccllisqea7p9
/global/common/cori/software/altd/2.0/bin/ld    /usr/lib64/gcc/x86_64-suse-linux/7/../../../../lib64/crt1.o /usr/lib64/gcc/x86_64-suse-linux/7/../../../../lib64/crti.o /usr/lib64/gcc/x86_64-suse-linux/7/crtbegin.o --eh-frame-hdr --build-id -dynamic-linker /lib64/ld-linux-x86-64.so.2 -m elf_x86_64 -L/opt/cray/pe/libsci/19.06.1/INTEL/16.0/x86_64/lib -L/opt/cray/dmapp/default/lib64 -L/opt/cray/pe/mpt/7.7.10/gni/mpich-intel/16.0/lib -L/opt/cray/rca/2.2.20-7.0.1.1_4.65__g8e3fb5b.ari/lib64 -L/usr/common/software/darshan/3.2.1/lib -L/opt/cray/pe/atp/2.1.3/libApp -o cmTC_5ab86 -L/opt/intel/compilers_and_libraries_2019.3.199/linux/compiler/lib/intel64 -L/opt/intel/compilers_and_libraries_2019.3.199/linux/mkl/lib/intel64 -L/opt/intel/compilers_and_libraries_2019.3.199/linux/compiler/lib/intel64_lin -L/usr/lib64/gcc/x86_64-suse-linux/7/ -L/usr/lib64/gcc/x86_64-suse-linux/7/../../../../lib64 -L/usr/lib64/gcc/x86_64-suse-linux/7/../../../../lib64/ -L/lib/../lib64 -L/lib/../lib64/ -L/usr/lib/../lib64 -L/usr/lib/../lib64/ -L/opt/intel/compilers_and_libraries_2019.3.199/linux/compiler/lib/intel64/ -L/opt/intel/compilers_and_libraries_2019.3.199/linux/mkl/lib/intel64/ -L/usr/lib64/gcc/x86_64-suse-linux/7/../../../../x86_64-suse-linux/lib/ -L/usr/lib64/gcc/x86_64-suse-linux/7/../../../ -L/lib64 -L/lib/ -L/usr/lib64 -L/usr/lib CMakeFiles/cmTC_5ab86.dir/CMakeCCompilerABI.c.o -rpath=/opt/intel/compilers_and_libraries_2019.3.199/linux/compiler/lib/intel64 -Ttext-segment=0x20000000 -zmax-page-size=0x20000000 --whole-archive -lhugetlbfs --no-whole-archive --no-as-needed -lAtpSigHandler -lAtpSigHCommData --undefined=_ATP_Data_Globals --undefined=__atpHandlerInstall -lrca -rpath=/usr/common/software/darshan/3.2.1/lib -no-as-needed -ldarshan -lz --as-needed -lmpich_intel --no-as-needed --as-needed -lsci_intel_mpi --no-as-needed --as-needed -lsci_intel --no-as-needed --as-needed -limf --no-as-needed --as-needed -lm --no-as-needed --as-needed -lifcoremt --no-as-needed --as-needed -lifport --no-as-needed --as-needed -lpthread --no-as-needed -Bdynamic -Bstatic -limf -lsvml -lirng -Bdynamic -lm -Bstatic -lipgo -ldecimal --as-needed -Bdynamic -lcilkrts -lstdc++ --no-as-needed -lgcc -lgcc_s -Bstatic -lirc -lsvml -Bdynamic -lc -lgcc -lgcc_s -Bstatic -lirc_s -Bdynamic -ldl -lc /usr/lib64/gcc/x86_64-suse-linux/7/crtend.o /usr/lib64/gcc/x86_64-suse-linux/7/../../../../lib64/crtn.o
gmake[2]: Leaving directory '/global/u2/b/bhavay07/hnswlib/CMakeFiles/CMakeTmp'
gmake[1]: Leaving directory '/global/u2/b/bhavay07/hnswlib/CMakeFiles/CMakeTmp'


Parsed C implicit link information from above output:
  link line regex: [^( *|.*[/\])(ld|CMAKE_LINK_STARTFILE-NOTFOUND|([^/\]+-)?ld|collect2)[^/\]*( |$)]
  ignore line: [Change Dir: /global/homes/b/bhavay07/hnswlib/CMakeFiles/CMakeTmp]
  ignore line: []
  ignore line: [Run Build Command:"/usr/bin/gmake" "cmTC_5ab86/fast"]
  ignore line: [gmake[1]: Entering directory '/global/u2/b/bhavay07/hnswlib/CMakeFiles/CMakeTmp']
  ignore line: [/usr/bin/gmake -f CMakeFiles/cmTC_5ab86.dir/build.make CMakeFiles/cmTC_5ab86.dir/build]
  ignore line: [gmake[2]: Entering directory '/global/u2/b/bhavay07/hnswlib/CMakeFiles/CMakeTmp']
  ignore line: [Building C object CMakeFiles/cmTC_5ab86.dir/CMakeCCompilerABI.c.o]
  ignore line: [/opt/cray/pe/craype/2.6.2/bin/cc    -o CMakeFiles/cmTC_5ab86.dir/CMakeCCompilerABI.c.o   -c /usr/share/cmake/Modules/CMakeCCompilerABI.c]
  ignore line: [Linking C executable cmTC_5ab86]
  ignore line: [/usr/bin/cmake -E cmake_link_script CMakeFiles/cmTC_5ab86.dir/link.txt --verbose=1]
  ignore line: [/opt/cray/pe/craype/2.6.2/bin/cc     -v CMakeFiles/cmTC_5ab86.dir/CMakeCCompilerABI.c.o  -o cmTC_5ab86 ]
  ignore line: [__INTEL_PRE_CFLAGS options:  -Qlocation,ld,/global/common/cori/software/altd/2.0/bin]
  ignore line: [icc version 19.0.3.199 (gcc version 7.5.0 compatibility)]
  ignore line: [/opt/intel/compilers_and_libraries_2019.3.199/linux/bin/intel64/mcpcom    -mGLOB_em64t=TRUE -mP1OPT_version=19.0-intel64 -mGLOB_diag_file=CMakeFiles/cmTC_5ab86.dir/CMakeCCompilerABI.c.diag -mGLOB_long_size_64 -mGLOB_routine_pointer_size_64 -mP1OPT_print_version=FALSE -mCG_use_gas_got_workaround=F -mP2OPT_align_option_used=TRUE -mGLOB_gcc_version=750 "-mGLOB_options_string=-I/opt/cray/pe/libsci/19.06.1/INTEL/16.0/x86_64/include -I/opt/cray/pe/mpt/7.7.10/gni/mpich-intel/16.0/include -I/opt/cray/rca/2.2.20-7.0.1.1_4.65__g8e3fb5b.ari/include -I/opt/cray/alps/6.6.58-7.0.1.1_6.22__g437d88db.ari/include -I/opt/cray/xpmem/2.2.20-7.0.1.1_4.23__g0475745.ari/include -I/opt/cray/gni-headers/5.0.12.0-7.0.1.1_6.43__g3b1768f.ari/include -I/opt/cray/pe/pmi/5.0.14/include -I/opt/cray/ugni/6.0.14.0-7.0.1.1_7.54__ge78e5b0.ari/include -I/opt/cray/udreg/2.3.2-7.0.1.1_3.52__g8175d3d.ari/include -I/opt/cray/wlm_detect/1.3.3-7.0.1.1_4.21__g7109084.ari/include -I/opt/cray/krca/2.2.6-7.0.1.1_5.48__gb641b12.ari/include -I/opt/cray-hss-devel/9.0.0/include -Qlocation,ld,/global/common/cori/software/altd/2.0/bin -xCORE-AVX2 -D__CRAYXC -D__CRAY_HASWELL -D__CRAYXT_COMPUTE_LINUX_TARGET -v -o cmTC_5ab86 -Wl,-rpath=/opt/intel/compilers_and_libraries_2019.3.199/linux/compiler/lib/intel64 -L/opt/cray/pe/libsci/19.06.1/INTEL/16.0/x86_64/lib -L/opt/cray/dmapp/default/lib64 -L/opt/cray/pe/mpt/7.7.10/gni/mpich-intel/16.0/lib -L/opt/cray/rca/2.2.20-7.0.1.1_4.65__g8e3fb5b.ari/lib64 -L/usr/common/software/darshan/3.2.1/lib -L/opt/cray/pe/atp/2.1.3/libApp -Wl,-Ttext-segment=0x20000000 -Wl,-zmax-page-size=0x20000000 -Wl,--whole-archive,-lhugetlbfs,--no-whole-archive -Wl,--no-as-needed,-lAtpSigHandler,-lAtpSigHCommData -Wl,--undefined=_ATP_Data_Globals -Wl,--undefined=__atpHandlerInstall -lrca -Wl,-rpath=/usr/common/software/darshan/3.2.1/lib -Wl,-no-as-needed -ldarshan -lz -Wl,--as-needed,-lmpich_intel,--no-as-needed -Wl,--as-needed,-lsci_intel_mpi,--no-as-needed -Wl,--as-needed,-lsci_intel,--no-as-needed -Wl,--as-needed,-limf,--no-as-needed -Wl,--as-needed,-lm,--no-as-needed -Wl,--as-needed,-lifcoremt,--no-as-needed -Wl,--as-needed,-lifport,--no-as-needed -Wl,--as-needed,-lpthread,--no-as-needed" -mGLOB_cxx_limited_range=FALSE -mCG_extend_parms=FALSE -mGLOB_compiler_bin_directory=/opt/intel/compilers_and_libraries_2019.3.199/linux/bin/intel64 -mGLOB_as_output_backup_file_name=/tmp/iccBHfzyZas_.s -mGLOB_dashboard_use_source_name -mIPOPT_activate -mGLOB_product_id_code=0x22006d93 -mGLOB_extended_instructions=0x4000 -mGLOB_advanced_optim=TRUE -mP3OPT_use_mspp_call_convention -mP2OPT_subs_out_of_bound=FALSE -mP2OPT_disam_type_based_disam=2 -mP2OPT_disam_assume_ansi_c -mP2OPT_checked_disam_ansi_alias=TRUE -mGLOB_ansi_alias -mPGOPTI_value_profile_use=T -mGLOB_opt_report_use_source_name -mP2OPT_il0_array_sections=TRUE -mGLOB_offload_mode=1 -mP2OPT_offload_unique_var_string=icc0868318866d1z4YJ -mP2OPT_hlo -mP2OPT_hpo_rtt_control=0 -mIPOPT_args_in_regs=0 -mP2OPT_disam_assume_nonstd_intent_in=FALSE -mGLOB_imf_mapping_library=/opt/intel/compilers_and_libraries_2019.3.199/linux/bin/intel64/libiml_attr.so -mPGOPTI_gen_threadsafe_level=0 -mIPOPT_link -mIPOPT_ipo_activate -mIPOPT_mo_activate -mIPOPT_source_files_list=/tmp/iccslisxT8ANq -mIPOPT_mo_global_data -mIPOPT_link_script_file=/tmp/iccscriptt014aI "-mIPOPT_cmdline_link="/usr/lib64/gcc/x86_64-suse-linux/7/../../../../lib64/crt1.o" "/usr/lib64/gcc/x86_64-suse-linux/7/../../../../lib64/crti.o" "/usr/lib64/gcc/x86_64-suse-linux/7/crtbegin.o" "--eh-frame-hdr" "--build-id" "-dynamic-linker" "/lib64/ld-linux-x86-64.so.2" "-m" "elf_x86_64" "-L/opt/cray/pe/libsci/19.06.1/INTEL/16.0/x86_64/lib" "-L/opt/cray/dmapp/default/lib64" "-L/opt/cray/pe/mpt/7.7.10/gni/mpich-intel/16.0/lib" "-L/opt/cray/rca/2.2.20-7.0.1.1_4.65__g8e3fb5b.ari/lib64" "-L/usr/common/software/darshan/3.2.1/lib" "-L/opt/cray/pe/atp/2.1.3/libApp" "-o" "cmTC_5ab86" "-L/opt/intel/compilers_and_libraries_2019.3.199/linux/compiler/lib/intel64" "-L/opt/intel/compilers_and_libraries_2019.3.199/linux/mkl/lib/intel64" "-L/opt/intel/compilers_and_libraries_2019.3.199/linux/compiler/lib/intel64_lin" "-L/usr/lib64/gcc/x86_64-suse-linux/7/" "-L/usr/lib64/gcc/x86_64-suse-linux/7/../../../../lib64" "-L/usr/lib64/gcc/x86_64-suse-linux/7/../../../../lib64/" "-L/lib/../lib64" "-L/lib/../lib64/" "-L/usr/lib/../lib64" "-L/usr/lib/../lib64/" "-L/opt/intel/compilers_and_libraries_2019.3.199/linux/compiler/lib/intel64/" "-L/opt/intel/compilers_and_libraries_2019.3.199/linux/mkl/lib/intel64/" "-L/usr/lib64/gcc/x86_64-suse-linux/7/../../../../x86_64-suse-linux/lib/" "-L/usr/lib64/gcc/x86_64-suse-linux/7/../../../" "-L/lib64" "-L/lib/" "-L/usr/lib64" "-L/usr/lib" "CMakeFiles/cmTC_5ab86.dir/CMakeCCompilerABI.c.o" "-rpath=/opt/intel/compilers_and_libraries_2019.3.199/linux/compiler/lib/intel64" "-Ttext-segment=0x20000000" "-zmax-page-size=0x20000000" "--whole-archive" "-lhugetlbfs" "--no-whole-archive" "--no-as-needed" "-lAtpSigHandler" "-lAtpSigHCommData" "--undefined=_ATP_Data_Globals" "--undefined=__atpHandlerInstall" "-lrca" "-rpath=/usr/common/software/darshan/3.2.1/lib" "-no-as-needed" "-ldarshan" "-lz" "--as-needed" "-lmpich_intel" "--no-as-needed" "--as-needed" "-lsci_intel_mpi" "--no-as-needed" "--as-needed" "-lsci_intel" "--no-as-needed" "--as-needed" "-limf" "--no-as-needed" "--as-needed" "-lm" "--no-as-needed" "--as-needed" "-lifcoremt" "--no-as-needed" "--as-needed" "-lifport" "--no-as-needed" "--as-needed" "-lpthread" "--no-as-needed" "-Bdynamic" "-Bstatic" "-limf" "-lsvml" "-lirng" "-Bdynamic" "-lm" "-Bstatic" "-lipgo" "-ldecimal" "--as-needed" "-Bdynamic" "-lcilkrts" "-lstdc++" "--no-as-needed" "-lgcc" "-lgcc_s" "-Bstatic" "-lirc" "-lsvml" "-Bdynamic" "-lc" "-lgcc" "-lgcc_s" "-Bstatic" "-lirc_s" "-Bdynamic" "-ldl" "-lc" "/usr/lib64/gcc/x86_64-suse-linux/7/crtend.o" "/usr/lib64/gcc/x86_64-suse-linux/7/../../../../lib64/crtn.o"" -mIPOPT_il_in_obj -mIPOPT_ipo_activate_warn=FALSE -mIPOPT_obj_output_file_name=/tmp/ipo_iccpiuIwK.o -mIPOPT_whole_archive_fixup_file_name=/tmp/iccwarchjU9TIz -mGLOB_linker_version=2.35.1.20201123 -mGLOB_linker=/global/common/cori/software/altd/2.0/bin/ld -mGLOB_driver_tempfile_name=/tmp/icctempfileZnWKvS -mP3OPT_asm_target=P3OPT_ASM_TARGET_GAS -mGLOB_async_unwind_tables=TRUE -mGLOB_obj_output_file=/tmp/ipo_iccpiuIwK.o -mGLOB_source_dialect=GLOB_SOURCE_DIALECT_NONE -mP1OPT_source_file_name=ipo_out.c CMakeFiles/cmTC_5ab86.dir/CMakeCCompilerABI.c.o -mIPOPT_object_files=T -mIPOPT_assembly_files=/tmp/iccalismnKFhj -mIPOPT_generated_tempfiles=/tmp/iccelis2Ss9EA -mIPOPT_embedded_object_base_name=/tmp/icceobjlL5C2R -mIPOPT_cmdline_link_new_name=/tmp/iccllisqea7p9]
  link line: [/global/common/cori/software/altd/2.0/bin/ld    /usr/lib64/gcc/x86_64-suse-linux/7/../../../../lib64/crt1.o /usr/lib64/gcc/x86_64-suse-linux/7/../../../../lib64/crti.o /usr/lib64/gcc/x86_64-suse-linux/7/crtbegin.o --eh-frame-hdr --build-id -dynamic-linker /lib64/ld-linux-x86-64.so.2 -m elf_x86_64 -L/opt/cray/pe/libsci/19.06.1/INTEL/16.0/x86_64/lib -L/opt/cray/dmapp/default/lib64 -L/opt/cray/pe/mpt/7.7.10/gni/mpich-intel/16.0/lib -L/opt/cray/rca/2.2.20-7.0.1.1_4.65__g8e3fb5b.ari/lib64 -L/usr/common/software/darshan/3.2.1/lib -L/opt/cray/pe/atp/2.1.3/libApp -o cmTC_5ab86 -L/opt/intel/compilers_and_libraries_2019.3.199/linux/compiler/lib/intel64 -L/opt/intel/compilers_and_libraries_2019.3.199/linux/mkl/lib/intel64 -L/opt/intel/compilers_and_libraries_2019.3.199/linux/compiler/lib/intel64_lin -L/usr/lib64/gcc/x86_64-suse-linux/7/ -L/usr/lib64/gcc/x86_64-suse-linux/7/../../../../lib64 -L/usr/lib64/gcc/x86_64-suse-linux/7/../../../../lib64/ -L/lib/../lib64 -L/lib/../lib64/ -L/usr/lib/../lib64 -L/usr/lib/../lib64/ -L/opt/intel/compilers_and_libraries_2019.3.199/linux/compiler/lib/intel64/ -L/opt/intel/compilers_and_libraries_2019.3.199/linux/mkl/lib/intel64/ -L/usr/lib64/gcc/x86_64-suse-linux/7/../../../../x86_64-suse-linux/lib/ -L/usr/lib64/gcc/x86_64-suse-linux/7/../../../ -L/lib64 -L/lib/ -L/usr/lib64 -L/usr/lib CMakeFiles/cmTC_5ab86.dir/CMakeCCompilerABI.c.o -rpath=/opt/intel/compilers_and_libraries_2019.3.199/linux/compiler/lib/intel64 -Ttext-segment=0x20000000 -zmax-page-size=0x20000000 --whole-archive -lhugetlbfs --no-whole-archive --no-as-needed -lAtpSigHandler -lAtpSigHCommData --undefined=_ATP_Data_Globals --undefined=__atpHandlerInstall -lrca -rpath=/usr/common/software/darshan/3.2.1/lib -no-as-needed -ldarshan -lz --as-needed -lmpich_intel --no-as-needed --as-needed -lsci_intel_mpi --no-as-needed --as-needed -lsci_intel --no-as-needed --as-needed -limf --no-as-needed --as-needed -lm --no-as-needed --as-needed -lifcoremt --no-as-needed --as-needed -lifport --no-as-needed --as-needed -lpthread --no-as-needed -Bdynamic -Bstatic -limf -lsvml -lirng -Bdynamic -lm -Bstatic -lipgo -ldecimal --as-needed -Bdynamic -lcilkrts -lstdc++ --no-as-needed -lgcc -lgcc_s -Bstatic -lirc -lsvml -Bdynamic -lc -lgcc -lgcc_s -Bstatic -lirc_s -Bdynamic -ldl -lc /usr/lib64/gcc/x86_64-suse-linux/7/crtend.o /usr/lib64/gcc/x86_64-suse-linux/7/../../../../lib64/crtn.o]
    arg [/global/common/cori/software/altd/2.0/bin/ld] ==> ignore
    arg [/usr/lib64/gcc/x86_64-suse-linux/7/../../../../lib64/crt1.o] ==> ignore
    arg [/usr/lib64/gcc/x86_64-suse-linux/7/../../../../lib64/crti.o] ==> ignore
    arg [/usr/lib64/gcc/x86_64-suse-linux/7/crtbegin.o] ==> ignore
    arg [--eh-frame-hdr] ==> ignore
    arg [--build-id] ==> ignore
    arg [-dynamic-linker] ==> ignore
    arg [/lib64/ld-linux-x86-64.so.2] ==> ignore
    arg [-m] ==> ignore
    arg [elf_x86_64] ==> ignore
    arg [-L/opt/cray/pe/libsci/19.06.1/INTEL/16.0/x86_64/lib] ==> dir [/opt/cray/pe/libsci/19.06.1/INTEL/16.0/x86_64/lib]
    arg [-L/opt/cray/dmapp/default/lib64] ==> dir [/opt/cray/dmapp/default/lib64]
    arg [-L/opt/cray/pe/mpt/7.7.10/gni/mpich-intel/16.0/lib] ==> dir [/opt/cray/pe/mpt/7.7.10/gni/mpich-intel/16.0/lib]
    arg [-L/opt/cray/rca/2.2.20-7.0.1.1_4.65__g8e3fb5b.ari/lib64] ==> dir [/opt/cray/rca/2.2.20-7.0.1.1_4.65__g8e3fb5b.ari/lib64]
    arg [-L/usr/common/software/darshan/3.2.1/lib] ==> dir [/usr/common/software/darshan/3.2.1/lib]
    arg [-L/opt/cray/pe/atp/2.1.3/libApp] ==> dir [/opt/cray/pe/atp/2.1.3/libApp]
    arg [-o] ==> ignore
    arg [cmTC_5ab86] ==> ignore
    arg [-L/opt/intel/compilers_and_libraries_2019.3.199/linux/compiler/lib/intel64] ==> dir [/opt/intel/compilers_and_libraries_2019.3.199/linux/compiler/lib/intel64]
    arg [-L/opt/intel/compilers_and_libraries_2019.3.199/linux/mkl/lib/intel64] ==> dir [/opt/intel/compilers_and_libraries_2019.3.199/linux/mkl/lib/intel64]
    arg [-L/opt/intel/compilers_and_libraries_2019.3.199/linux/compiler/lib/intel64_lin] ==> dir [/opt/intel/compilers_and_libraries_2019.3.199/linux/compiler/lib/intel64_lin]
    arg [-L/usr/lib64/gcc/x86_64-suse-linux/7/] ==> dir [/usr/lib64/gcc/x86_64-suse-linux/7/]
    arg [-L/usr/lib64/gcc/x86_64-suse-linux/7/../../../../lib64] ==> dir [/usr/lib64/gcc/x86_64-suse-linux/7/../../../../lib64]
    arg [-L/usr/lib64/gcc/x86_64-suse-linux/7/../../../../lib64/] ==> dir [/usr/lib64/gcc/x86_64-suse-linux/7/../../../../lib64/]
    arg [-L/lib/../lib64] ==> dir [/lib/../lib64]
    arg [-L/lib/../lib64/] ==> dir [/lib/../lib64/]
    arg [-L/usr/lib/../lib64] ==> dir [/usr/lib/../lib64]
    arg [-L/usr/lib/../lib64/] ==> dir [/usr/lib/../lib64/]
    arg [-L/opt/intel/compilers_and_libraries_2019.3.199/linux/compiler/lib/intel64/] ==> dir [/opt/intel/compilers_and_libraries_2019.3.199/linux/compiler/lib/intel64/]
    arg [-L/opt/intel/compilers_and_libraries_2019.3.199/linux/mkl/lib/intel64/] ==> dir [/opt/intel/compilers_and_libraries_2019.3.199/linux/mkl/lib/intel64/]
    arg [-L/usr/lib64/gcc/x86_64-suse-linux/7/../../../../x86_64-suse-linux/lib/] ==> dir [/usr/lib64/gcc/x86_64-suse-linux/7/../../../../x86_64-suse-linux/lib/]
    arg [-L/usr/lib64/gcc/x86_64-suse-linux/7/../../../] ==> dir [/usr/lib64/gcc/x86_64-suse-linux/7/../../../]
    arg [-L/lib64] ==> dir [/lib64]
    arg [-L/lib/] ==> dir [/lib/]
    arg [-L/usr/lib64] ==> dir [/usr/lib64]
    arg [-L/usr/lib] ==> dir [/usr/lib]
    arg [CMakeFiles/cmTC_5ab86.dir/CMakeCCompilerABI.c.o] ==> ignore
    arg [-rpath=/opt/intel/compilers_and_libraries_2019.3.199/linux/compiler/lib/intel64] ==> ignore
    arg [-Ttext-segment=0x20000000] ==> ignore
    arg [-zmax-page-size=0x20000000] ==> ignore
    arg [--whole-archive] ==> ignore
    arg [-lhugetlbfs] ==> lib [hugetlbfs]
    arg [--no-whole-archive] ==> ignore
    arg [--no-as-needed] ==> ignore
    arg [-lAtpSigHandler] ==> lib [AtpSigHandler]
    arg [-lAtpSigHCommData] ==> lib [AtpSigHCommData]
    arg [--undefined=_ATP_Data_Globals] ==> ignore
    arg [--undefined=__atpHandlerInstall] ==> ignore
    arg [-lrca] ==> lib [rca]
    arg [-rpath=/usr/common/software/darshan/3.2.1/lib] ==> ignore
    arg [-no-as-needed] ==> ignore
    arg [-ldarshan] ==> lib [darshan]
    arg [-lz] ==> lib [z]
    arg [--as-needed] ==> ignore
    arg [-lmpich_intel] ==> lib [mpich_intel]
    arg [--no-as-needed] ==> ignore
    arg [--as-needed] ==> ignore
    arg [-lsci_intel_mpi] ==> lib [sci_intel_mpi]
    arg [--no-as-needed] ==> ignore
    arg [--as-needed] ==> ignore
    arg [-lsci_intel] ==> lib [sci_intel]
    arg [--no-as-needed] ==> ignore
    arg [--as-needed] ==> ignore
    arg [-limf] ==> lib [imf]
    arg [--no-as-needed] ==> ignore
    arg [--as-needed] ==> ignore
    arg [-lm] ==> lib [m]
    arg [--no-as-needed] ==> ignore
    arg [--as-needed] ==> ignore
    arg [-lifcoremt] ==> lib [ifcoremt]
    arg [--no-as-needed] ==> ignore
    arg [--as-needed] ==> ignore
    arg [-lifport] ==> lib [ifport]
    arg [--no-as-needed] ==> ignore
    arg [--as-needed] ==> ignore
    arg [-lpthread] ==> lib [pthread]
    arg [--no-as-needed] ==> ignore
    arg [-Bdynamic] ==> ignore
    arg [-Bstatic] ==> ignore
    arg [-limf] ==> lib [imf]
    arg [-lsvml] ==> lib [svml]
    arg [-lirng] ==> lib [irng]
    arg [-Bdynamic] ==> ignore
    arg [-lm] ==> lib [m]
    arg [-Bstatic] ==> ignore
    arg [-lipgo] ==> lib [ipgo]
    arg [-ldecimal] ==> lib [decimal]
    arg [--as-needed] ==> ignore
    arg [-Bdynamic] ==> ignore
    arg [-lcilkrts] ==> lib [cilkrts]
    arg [-lstdc++] ==> lib [stdc++]
    arg [--no-as-needed] ==> ignore
    arg [-lgcc] ==> lib [gcc]
    arg [-lgcc_s] ==> lib [gcc_s]
    arg [-Bstatic] ==> ignore
    arg [-lirc] ==> lib [irc]
    arg [-lsvml] ==> lib [svml]
    arg [-Bdynamic] ==> ignore
    arg [-lc] ==> lib [c]
    arg [-lgcc] ==> lib [gcc]
    arg [-lgcc_s] ==> lib [gcc_s]
    arg [-Bstatic] ==> ignore
    arg [-lirc_s] ==> lib [irc_s]
    arg [-Bdynamic] ==> ignore
    arg [-ldl] ==> lib [dl]
    arg [-lc] ==> lib [c]
    arg [/usr/lib64/gcc/x86_64-suse-linux/7/crtend.o] ==> ignore
    arg [/usr/lib64/gcc/x86_64-suse-linux/7/../../../../lib64/crtn.o] ==> ignore
  collapse library dir [/opt/cray/pe/libsci/19.06.1/INTEL/16.0/x86_64/lib] ==> [/opt/cray/pe/libsci/19.06.1/INTEL/16.0/x86_64/lib]
  collapse library dir [/opt/cray/dmapp/default/lib64] ==> [/opt/cray/dmapp/default/lib64]
  collapse library dir [/opt/cray/pe/mpt/7.7.10/gni/mpich-intel/16.0/lib] ==> [/opt/cray/pe/mpt/7.7.10/gni/mpich-intel/16.0/lib]
  collapse library dir [/opt/cray/rca/2.2.20-7.0.1.1_4.65__g8e3fb5b.ari/lib64] ==> [/opt/cray/rca/2.2.20-7.0.1.1_4.65__g8e3fb5b.ari/lib64]
  collapse library dir [/usr/common/software/darshan/3.2.1/lib] ==> [/usr/common/software/darshan/3.2.1/lib]
  collapse library dir [/opt/cray/pe/atp/2.1.3/libApp] ==> [/opt/cray/pe/atp/2.1.3/libApp]
  collapse library dir [/opt/intel/compilers_and_libraries_2019.3.199/linux/compiler/lib/intel64] ==> [/opt/intel/compilers_and_libraries_2019.3.199/linux/compiler/lib/intel64]
  collapse library dir [/opt/intel/compilers_and_libraries_2019.3.199/linux/mkl/lib/intel64] ==> [/opt/intel/compilers_and_libraries_2019.3.199/linux/mkl/lib/intel64]
  collapse library dir [/opt/intel/compilers_and_libraries_2019.3.199/linux/compiler/lib/intel64_lin] ==> [/opt/intel/compilers_and_libraries_2019.3.199/linux/compiler/lib/intel64_lin]
  collapse library dir [/usr/lib64/gcc/x86_64-suse-linux/7/] ==> [/usr/lib64/gcc/x86_64-suse-linux/7]
  collapse library dir [/usr/lib64/gcc/x86_64-suse-linux/7/../../../../lib64] ==> [/usr/lib64]
  collapse library dir [/usr/lib64/gcc/x86_64-suse-linux/7/../../../../lib64/] ==> [/usr/lib64]
  collapse library dir [/lib/../lib64] ==> [/lib64]
  collapse library dir [/lib/../lib64/] ==> [/lib64]
  collapse library dir [/usr/lib/../lib64] ==> [/usr/lib64]
  collapse library dir [/usr/lib/../lib64/] ==> [/usr/lib64]
  collapse library dir [/opt/intel/compilers_and_libraries_2019.3.199/linux/compiler/lib/intel64/] ==> [/opt/intel/compilers_and_libraries_2019.3.199/linux/compiler/lib/intel64]
  collapse library dir [/opt/intel/compilers_and_libraries_2019.3.199/linux/mkl/lib/intel64/] ==> [/opt/intel/compilers_and_libraries_2019.3.199/linux/mkl/lib/intel64]
  collapse library dir [/usr/lib64/gcc/x86_64-suse-linux/7/../../../../x86_64-suse-linux/lib/] ==> [/usr/x86_64-suse-linux/lib]
  collapse library dir [/usr/lib64/gcc/x86_64-suse-linux/7/../../../] ==> [/usr/lib64]
  collapse library dir [/lib64] ==> [/lib64]
  collapse library dir [/lib/] ==> [/lib]
  collapse library dir [/usr/lib64] ==> [/usr/lib64]
  collapse library dir [/usr/lib] ==> [/usr/lib]
  implicit libs: [hugetlbfs;AtpSigHandler;AtpSigHCommData;rca;darshan;z;mpich_intel;sci_intel_mpi;sci_intel;imf;m;ifcoremt;ifport;pthread;imf;svml;irng;m;ipgo;decimal;cilkrts;stdc++;gcc;gcc_s;irc;svml;c;gcc;gcc_s;irc_s;dl;c]
  implicit dirs: [/opt/cray/pe/libsci/19.06.1/INTEL/16.0/x86_64/lib;/opt/cray/dmapp/default/lib64;/opt/cray/pe/mpt/7.7.10/gni/mpich-intel/16.0/lib;/opt/cray/rca/2.2.20-7.0.1.1_4.65__g8e3fb5b.ari/lib64;/usr/common/software/darshan/3.2.1/lib;/opt/cray/pe/atp/2.1.3/libApp;/opt/intel/compilers_and_libraries_2019.3.199/linux/compiler/lib/intel64;/opt/intel/compilers_and_libraries_2019.3.199/linux/mkl/lib/intel64;/opt/intel/compilers_and_libraries_2019.3.199/linux/compiler/lib/intel64_lin;/usr/lib64/gcc/x86_64-suse-linux/7;/usr/lib64;/lib64;/usr/x86_64-suse-linux/lib;/lib;/usr/lib]
  implicit fwks: []




Detecting C [-std=c11] compiler features compiled with the following output:
Change Dir: /global/homes/b/bhavay07/hnswlib/CMakeFiles/CMakeTmp

Run Build Command:"/usr/bin/gmake" "cmTC_3f85c/fast"
gmake[1]: Entering directory '/global/u2/b/bhavay07/hnswlib/CMakeFiles/CMakeTmp'
/usr/bin/gmake -f CMakeFiles/cmTC_3f85c.dir/build.make CMakeFiles/cmTC_3f85c.dir/build
gmake[2]: Entering directory '/global/u2/b/bhavay07/hnswlib/CMakeFiles/CMakeTmp'
Building C object CMakeFiles/cmTC_3f85c.dir/feature_tests.c.o
/opt/cray/pe/craype/2.6.2/bin/cc   -std=c11 -o CMakeFiles/cmTC_3f85c.dir/feature_tests.c.o   -c /global/homes/b/bhavay07/hnswlib/CMakeFiles/feature_tests.c
Linking C executable cmTC_3f85c
/usr/bin/cmake -E cmake_link_script CMakeFiles/cmTC_3f85c.dir/link.txt --verbose=1
/opt/cray/pe/craype/2.6.2/bin/cc      CMakeFiles/cmTC_3f85c.dir/feature_tests.c.o  -o cmTC_3f85c 
gmake[2]: Leaving directory '/global/u2/b/bhavay07/hnswlib/CMakeFiles/CMakeTmp'
gmake[1]: Leaving directory '/global/u2/b/bhavay07/hnswlib/CMakeFiles/CMakeTmp'


    Feature record: C_FEATURE:1c_function_prototypes
    Feature record: C_FEATURE:1c_restrict
    Feature record: C_FEATURE:1c_static_assert
    Feature record: C_FEATURE:1c_variadic_macros


Detecting C [-std=c99] compiler features compiled with the following output:
Change Dir: /global/homes/b/bhavay07/hnswlib/CMakeFiles/CMakeTmp

Run Build Command:"/usr/bin/gmake" "cmTC_aeddf/fast"
gmake[1]: Entering directory '/global/u2/b/bhavay07/hnswlib/CMakeFiles/CMakeTmp'
/usr/bin/gmake -f CMakeFiles/cmTC_aeddf.dir/build.make CMakeFiles/cmTC_aeddf.dir/build
gmake[2]: Entering directory '/global/u2/b/bhavay07/hnswlib/CMakeFiles/CMakeTmp'
Building C object CMakeFiles/cmTC_aeddf.dir/feature_tests.c.o
/opt/cray/pe/craype/2.6.2/bin/cc   -std=c99 -o CMakeFiles/cmTC_aeddf.dir/feature_tests.c.o   -c /global/homes/b/bhavay07/hnswlib/CMakeFiles/feature_tests.c
Linking C executable cmTC_aeddf
/usr/bin/cmake -E cmake_link_script CMakeFiles/cmTC_aeddf.dir/link.txt --verbose=1
/opt/cray/pe/craype/2.6.2/bin/cc      CMakeFiles/cmTC_aeddf.dir/feature_tests.c.o  -o cmTC_aeddf 
gmake[2]: Leaving directory '/global/u2/b/bhavay07/hnswlib/CMakeFiles/CMakeTmp'
gmake[1]: Leaving directory '/global/u2/b/bhavay07/hnswlib/CMakeFiles/CMakeTmp'


    Feature record: C_FEATURE:1c_function_prototypes
    Feature record: C_FEATURE:1c_restrict
    Feature record: C_FEATURE:1c_static_assert
    Feature record: C_FEATURE:1c_variadic_macros


Detecting C [-std=c89] compiler features compiled with the following output:
Change Dir: /global/homes/b/bhavay07/hnswlib/CMakeFiles/CMakeTmp

Run Build Command:"/usr/bin/gmake" "cmTC_3643b/fast"
gmake[1]: Entering directory '/global/u2/b/bhavay07/hnswlib/CMakeFiles/CMakeTmp'
/usr/bin/gmake -f CMakeFiles/cmTC_3643b.dir/build.make CMakeFiles/cmTC_3643b.dir/build
gmake[2]: Entering directory '/global/u2/b/bhavay07/hnswlib/CMakeFiles/CMakeTmp'
Building C object CMakeFiles/cmTC_3643b.dir/feature_tests.c.o
/opt/cray/pe/craype/2.6.2/bin/cc   -std=c89 -o CMakeFiles/cmTC_3643b.dir/feature_tests.c.o   -c /global/homes/b/bhavay07/hnswlib/CMakeFiles/feature_tests.c
Linking C executable cmTC_3643b
/usr/bin/cmake -E cmake_link_script CMakeFiles/cmTC_3643b.dir/link.txt --verbose=1
/opt/cray/pe/craype/2.6.2/bin/cc      CMakeFiles/cmTC_3643b.dir/feature_tests.c.o  -o cmTC_3643b 
gmake[2]: Leaving directory '/global/u2/b/bhavay07/hnswlib/CMakeFiles/CMakeTmp'
gmake[1]: Leaving directory '/global/u2/b/bhavay07/hnswlib/CMakeFiles/CMakeTmp'


    Feature record: C_FEATURE:1c_function_prototypes
    Feature record: C_FEATURE:0c_restrict
    Feature record: C_FEATURE:0c_static_assert
    Feature record: C_FEATURE:0c_variadic_macros
Determining if the CXX compiler works passed with the following output:
Change Dir: /global/homes/b/bhavay07/hnswlib/CMakeFiles/CMakeTmp

Run Build Command:"/usr/bin/gmake" "cmTC_fc874/fast"
gmake[1]: Entering directory '/global/u2/b/bhavay07/hnswlib/CMakeFiles/CMakeTmp'
/usr/bin/gmake -f CMakeFiles/cmTC_fc874.dir/build.make CMakeFiles/cmTC_fc874.dir/build
gmake[2]: Entering directory '/global/u2/b/bhavay07/hnswlib/CMakeFiles/CMakeTmp'
Building CXX object CMakeFiles/cmTC_fc874.dir/testCXXCompiler.cxx.o
/opt/cray/pe/craype/2.6.2/bin/CC     -o CMakeFiles/cmTC_fc874.dir/testCXXCompiler.cxx.o -c /global/homes/b/bhavay07/hnswlib/CMakeFiles/CMakeTmp/testCXXCompiler.cxx
Linking CXX executable cmTC_fc874
/usr/bin/cmake -E cmake_link_script CMakeFiles/cmTC_fc874.dir/link.txt --verbose=1
/opt/cray/pe/craype/2.6.2/bin/CC       CMakeFiles/cmTC_fc874.dir/testCXXCompiler.cxx.o  -o cmTC_fc874 
gmake[2]: Leaving directory '/global/u2/b/bhavay07/hnswlib/CMakeFiles/CMakeTmp'
gmake[1]: Leaving directory '/global/u2/b/bhavay07/hnswlib/CMakeFiles/CMakeTmp'


Detecting CXX compiler ABI info compiled with the following output:
Change Dir: /global/homes/b/bhavay07/hnswlib/CMakeFiles/CMakeTmp

Run Build Command:"/usr/bin/gmake" "cmTC_1806b/fast"
gmake[1]: Entering directory '/global/u2/b/bhavay07/hnswlib/CMakeFiles/CMakeTmp'
/usr/bin/gmake -f CMakeFiles/cmTC_1806b.dir/build.make CMakeFiles/cmTC_1806b.dir/build
gmake[2]: Entering directory '/global/u2/b/bhavay07/hnswlib/CMakeFiles/CMakeTmp'
Building CXX object CMakeFiles/cmTC_1806b.dir/CMakeCXXCompilerABI.cpp.o
/opt/cray/pe/craype/2.6.2/bin/CC     -o CMakeFiles/cmTC_1806b.dir/CMakeCXXCompilerABI.cpp.o -c /usr/share/cmake/Modules/CMakeCXXCompilerABI.cpp
Linking CXX executable cmTC_1806b
/usr/bin/cmake -E cmake_link_script CMakeFiles/cmTC_1806b.dir/link.txt --verbose=1
/opt/cray/pe/craype/2.6.2/bin/CC      -v CMakeFiles/cmTC_1806b.dir/CMakeCXXCompilerABI.cpp.o  -o cmTC_1806b 
__INTEL_PRE_CFLAGS options:  -Qlocation,ld,/global/common/cori/software/altd/2.0/bin
icpc version 19.0.3.199 (gcc version 7.5.0 compatibility)
/opt/intel/compilers_and_libraries_2019.3.199/linux/bin/intel64/mcpcom    -mGLOB_em64t=TRUE -mP1OPT_version=19.0-intel64 -mGLOB_diag_file=CMakeFiles/cmTC_1806b.dir/CMakeCXXCompilerABI.cpp.diag -mGLOB_long_size_64 -mGLOB_routine_pointer_size_64 -mP1OPT_print_version=FALSE -mCG_use_gas_got_workaround=F -mP2OPT_align_option_used=TRUE -mGLOB_gcc_version=750 "-mGLOB_options_string=-I/opt/cray/pe/libsci/19.06.1/INTEL/16.0/x86_64/include -I/opt/cray/pe/mpt/7.7.10/gni/mpich-intel/16.0/include -I/opt/cray/rca/2.2.20-7.0.1.1_4.65__g8e3fb5b.ari/include -I/opt/cray/alps/6.6.58-7.0.1.1_6.22__g437d88db.ari/include -I/opt/cray/xpmem/2.2.20-7.0.1.1_4.23__g0475745.ari/include -I/opt/cray/gni-headers/5.0.12.0-7.0.1.1_6.43__g3b1768f.ari/include -I/opt/cray/pe/pmi/5.0.14/include -I/opt/cray/ugni/6.0.14.0-7.0.1.1_7.54__ge78e5b0.ari/include -I/opt/cray/udreg/2.3.2-7.0.1.1_3.52__g8175d3d.ari/include -I/opt/cray/wlm_detect/1.3.3-7.0.1.1_4.21__g7109084.ari/include -I/opt/cray/krca/2.2.6-7.0.1.1_5.48__gb641b12.ari/include -I/opt/cray-hss-devel/9.0.0/include -Qlocation,ld,/global/common/cori/software/altd/2.0/bin -xCORE-AVX2 -D__CRAYXC -D__CRAY_HASWELL -D__CRAYXT_COMPUTE_LINUX_TARGET -v -o cmTC_1806b -Wl,-rpath=/opt/intel/compilers_and_libraries_2019.3.199/linux/compiler/lib/intel64 -L/opt/cray/pe/libsci/19.06.1/INTEL/16.0/x86_64/lib -L/opt/cray/dmapp/default/lib64 -L/opt/cray/pe/mpt/7.7.10/gni/mpich-intel/16.0/lib -L/opt/cray/dmapp/default/lib64 -L/opt/cray/pe/mpt/7.7.10/gni/mpich-intel/16.0/lib -L/opt/cray/rca/2.2.20-7.0.1.1_4.65__g8e3fb5b.ari/lib64 -L/usr/common/software/darshan/3.2.1/lib -L/opt/cray/pe/atp/2.1.3/libApp -Wl,-Ttext-segment=0x20000000 -Wl,-zmax-page-size=0x20000000 -Wl,--whole-archive,-lhugetlbfs,--no-whole-archive -Wl,--no-as-needed,-lAtpSigHandler,-lAtpSigHCommData -Wl,--undefined=_ATP_Data_Globals -Wl,--undefined=__atpHandlerInstall -lrca -Wl,-rpath=/usr/common/software/darshan/3.2.1/lib -Wl,-no-as-needed -ldarshan -lz -Wl,--as-needed,-lmpich_intel,--no-as-needed -Wl,--as-needed,-lmpichcxx_intel,--no-as-needed -Wl,--as-needed,-lsci_intel_mpi,--no-as-needed -Wl,--as-needed,-lsci_intel,--no-as-needed -Wl,--as-needed,-lstdc++,--no-as-needed -Wl,--as-needed,-limf,--no-as-needed -Wl,--as-needed,-lm,--no-as-needed -Wl,--as-needed,-lifcoremt,--no-as-needed -Wl,--as-needed,-lifport,--no-as-needed -Wl,--as-needed,-lpthread,--no-as-needed" -mGLOB_cxx_limited_range=FALSE -mCG_extend_parms=FALSE -mGLOB_compiler_bin_directory=/opt/intel/compilers_and_libraries_2019.3.199/linux/bin/intel64 -mGLOB_as_output_backup_file_name=/tmp/icpcsCdsndas_.s -mGLOB_dashboard_use_source_name -mIPOPT_activate -mGLOB_product_id_code=0x22006d90 -mGLOB_extended_instructions=0x4000 -mGLOB_advanced_optim=TRUE -mP3OPT_use_mspp_call_convention -mP2OPT_subs_out_of_bound=FALSE -mP2OPT_disam_type_based_disam=2 -mP2OPT_disam_assume_ansi_c -mP2OPT_checked_disam_ansi_alias=TRUE -mGLOB_ansi_alias -mPGOPTI_value_profile_use=T -mGLOB_opt_report_use_source_name -mP2OPT_il0_array_sections=TRUE -mGLOB_offload_mode=1 -mP2OPT_offload_unique_var_string=icpc0542990496QvW3MG -mP2OPT_hlo -mP2OPT_hpo_rtt_control=0 -mIPOPT_args_in_regs=0 -mP2OPT_disam_assume_nonstd_intent_in=FALSE -mGLOB_imf_mapping_library=/opt/intel/compilers_and_libraries_2019.3.199/linux/bin/intel64/libiml_attr.so -mPGOPTI_gen_threadsafe_level=0 -mIPOPT_link -mIPOPT_ipo_activate -mIPOPT_mo_activate -mIPOPT_source_files_list=/tmp/icpcslis7Ej4Ty -mIPOPT_mo_global_data -mIPOPT_link_script_file=/tmp/icpcscriptgY9K8S "-mIPOPT_cmdline_link="/usr/lib64/gcc/x86_64-suse-linux/7/../../../../lib64/crt1.o" "/usr/lib64/gcc/x86_64-suse-linux/7/../../../../lib64/crti.o" "/usr/lib64/gcc/x86_64-suse-linux/7/crtbegin.o" "--eh-frame-hdr" "--build-id" "-dynamic-linker" "/lib64/ld-linux-x86-64.so.2" "-m" "elf_x86_64" "-L/opt/cray/pe/libsci/19.06.1/INTEL/16.0/x86_64/lib" "-L/opt/cray/dmapp/default/lib64" "-L/opt/cray/pe/mpt/7.7.10/gni/mpich-intel/16.0/lib" "-L/opt/cray/dmapp/default/lib64" "-L/opt/cray/pe/mpt/7.7.10/gni/mpich-intel/16.0/lib" "-L/opt/cray/rca/2.2.20-7.0.1.1_4.65__g8e3fb5b.ari/lib64" "-L/usr/common/software/darshan/3.2.1/lib" "-L/opt/cray/pe/atp/2.1.3/libApp" "-o" "cmTC_1806b" "-L/opt/intel/compilers_and_libraries_2019.3.199/linux/compiler/lib/intel64" "-L/opt/intel/compilers_and_libraries_2019.3.199/linux/mkl/lib/intel64" "-L/opt/intel/compilers_and_libraries_2019.3.199/linux/compiler/lib/intel64_lin" "-L/usr/lib64/gcc/x86_64-suse-linux/7/" "-L/usr/lib64/gcc/x86_64-suse-linux/7/../../../../lib64" "-L/usr/lib64/gcc/x86_64-suse-linux/7/../../../../lib64/" "-L/lib/../lib64" "-L/lib/../lib64/" "-L/usr/lib/../lib64" "-L/usr/lib/../lib64/" "-L/opt/intel/compilers_and_libraries_2019.3.199/linux/compiler/lib/intel64/" "-L/opt/intel/compilers_and_libraries_2019.3.199/linux/mkl/lib/intel64/" "-L/usr/lib64/gcc/x86_64-suse-linux/7/../../../../x86_64-suse-linux/lib/" "-L/usr/lib64/gcc/x86_64-suse-linux/7/../../../" "-L/lib64" "-L/lib/" "-L/usr/lib64" "-L/usr/lib" "CMakeFiles/cmTC_1806b.dir/CMakeCXXCompilerABI.cpp.o" "-rpath=/opt/intel/compilers_and_libraries_2019.3.199/linux/compiler/lib/intel64" "-Ttext-segment=0x20000000" "-zmax-page-size=0x20000000" "--whole-archive" "-lhugetlbfs" "--no-whole-archive" "--no-as-needed" "-lAtpSigHandler" "-lAtpSigHCommData" "--undefined=_ATP_Data_Globals" "--undefined=__atpHandlerInstall" "-lrca" "-rpath=/usr/common/software/darshan/3.2.1/lib" "-no-as-needed" "-ldarshan" "-lz" "--as-needed" "-lmpich_intel" "--no-as-needed" "--as-needed" "-lmpichcxx_intel" "--no-as-needed" "--as-needed" "-lsci_intel_mpi" "--no-as-needed" "--as-needed" "-lsci_intel" "--no-as-needed" "--as-needed" "-lstdc++" "--no-as-needed" "--as-needed" "-limf" "--no-as-needed" "--as-needed" "-lm" "--no-as-needed" "--as-needed" "-lifcoremt" "--no-as-needed" "--as-needed" "-lifport" "--no-as-needed" "--as-needed" "-lpthread" "--no-as-needed" "-Bdynamic" "-Bstatic" "-limf" "-lsvml" "-lirng" "-Bdynamic" "-lstdc++" "-lm" "-Bstatic" "-lipgo" "-ldecimal" "--as-needed" "-Bdynamic" "-lcilkrts" "--no-as-needed" "-lstdc++" "-lgcc" "-lgcc_s" "-Bstatic" "-lirc" "-lsvml" "-Bdynamic" "-lc" "-lgcc" "-lgcc_s" "-Bstatic" "-lirc_s" "-Bdynamic" "-ldl" "-lc" "/usr/lib64/gcc/x86_64-suse-linux/7/crtend.o" "/usr/lib64/gcc/x86_64-suse-linux/7/../../../../lib64/crtn.o"" -mIPOPT_il_in_obj -mIPOPT_ipo_activate_warn=FALSE -mIPOPT_obj_output_file_name=/tmp/ipo_icpc5vpXtB.o -mIPOPT_whole_archive_fixup_file_name=/tmp/icpcwarchtgiBiT -mGLOB_linker_version=2.35.1.20201123 -mGLOB_linker=/global/common/cori/software/altd/2.0/bin/ld -mGLOB_driver_tempfile_name=/tmp/icpctempfile3fl3Ye -mP3OPT_asm_target=P3OPT_ASM_TARGET_GAS -mGLOB_async_unwind_tables=TRUE -mGLOB_obj_output_file=/tmp/ipo_icpc5vpXtB.o -mGLOB_source_dialect=GLOB_SOURCE_DIALECT_NONE -mP1OPT_source_file_name=ipo_out.c CMakeFiles/cmTC_1806b.dir/CMakeCXXCompilerABI.cpp.o -mIPOPT_object_files=T -mIPOPT_assembly_files=/tmp/icpcalisoBWjXf -mIPOPT_generated_tempfiles=/tmp/icpcelisJgo0bA -mIPOPT_embedded_object_base_name=/tmp/icpceobjqjWGqU -mIPOPT_cmdline_link_new_name=/tmp/icpcllis3jAnFe
/global/common/cori/software/altd/2.0/bin/ld    /usr/lib64/gcc/x86_64-suse-linux/7/../../../../lib64/crt1.o /usr/lib64/gcc/x86_64-suse-linux/7/../../../../lib64/crti.o /usr/lib64/gcc/x86_64-suse-linux/7/crtbegin.o --eh-frame-hdr --build-id -dynamic-linker /lib64/ld-linux-x86-64.so.2 -m elf_x86_64 -L/opt/cray/pe/libsci/19.06.1/INTEL/16.0/x86_64/lib -L/opt/cray/dmapp/default/lib64 -L/opt/cray/pe/mpt/7.7.10/gni/mpich-intel/16.0/lib -L/opt/cray/dmapp/default/lib64 -L/opt/cray/pe/mpt/7.7.10/gni/mpich-intel/16.0/lib -L/opt/cray/rca/2.2.20-7.0.1.1_4.65__g8e3fb5b.ari/lib64 -L/usr/common/software/darshan/3.2.1/lib -L/opt/cray/pe/atp/2.1.3/libApp -o cmTC_1806b -L/opt/intel/compilers_and_libraries_2019.3.199/linux/compiler/lib/intel64 -L/opt/intel/compilers_and_libraries_2019.3.199/linux/mkl/lib/intel64 -L/opt/intel/compilers_and_libraries_2019.3.199/linux/compiler/lib/intel64_lin -L/usr/lib64/gcc/x86_64-suse-linux/7/ -L/usr/lib64/gcc/x86_64-suse-linux/7/../../../../lib64 -L/usr/lib64/gcc/x86_64-suse-linux/7/../../../../lib64/ -L/lib/../lib64 -L/lib/../lib64/ -L/usr/lib/../lib64 -L/usr/lib/../lib64/ -L/opt/intel/compilers_and_libraries_2019.3.199/linux/compiler/lib/intel64/ -L/opt/intel/compilers_and_libraries_2019.3.199/linux/mkl/lib/intel64/ -L/usr/lib64/gcc/x86_64-suse-linux/7/../../../../x86_64-suse-linux/lib/ -L/usr/lib64/gcc/x86_64-suse-linux/7/../../../ -L/lib64 -L/lib/ -L/usr/lib64 -L/usr/lib CMakeFiles/cmTC_1806b.dir/CMakeCXXCompilerABI.cpp.o -rpath=/opt/intel/compilers_and_libraries_2019.3.199/linux/compiler/lib/intel64 -Ttext-segment=0x20000000 -zmax-page-size=0x20000000 --whole-archive -lhugetlbfs --no-whole-archive --no-as-needed -lAtpSigHandler -lAtpSigHCommData --undefined=_ATP_Data_Globals --undefined=__atpHandlerInstall -lrca -rpath=/usr/common/software/darshan/3.2.1/lib -no-as-needed -ldarshan -lz --as-needed -lmpich_intel --no-as-needed --as-needed -lmpichcxx_intel --no-as-needed --as-needed -lsci_intel_mpi --no-as-needed --as-needed -lsci_intel --no-as-needed --as-needed -lstdc++ --no-as-needed --as-needed -limf --no-as-needed --as-needed -lm --no-as-needed --as-needed -lifcoremt --no-as-needed --as-needed -lifport --no-as-needed --as-needed -lpthread --no-as-needed -Bdynamic -Bstatic -limf -lsvml -lirng -Bdynamic -lstdc++ -lm -Bstatic -lipgo -ldecimal --as-needed -Bdynamic -lcilkrts --no-as-needed -lstdc++ -lgcc -lgcc_s -Bstatic -lirc -lsvml -Bdynamic -lc -lgcc -lgcc_s -Bstatic -lirc_s -Bdynamic -ldl -lc /usr/lib64/gcc/x86_64-suse-linux/7/crtend.o /usr/lib64/gcc/x86_64-suse-linux/7/../../../../lib64/crtn.o
gmake[2]: Leaving directory '/global/u2/b/bhavay07/hnswlib/CMakeFiles/CMakeTmp'
gmake[1]: Leaving directory '/global/u2/b/bhavay07/hnswlib/CMakeFiles/CMakeTmp'


Parsed CXX implicit link information from above output:
  link line regex: [^( *|.*[/\])(ld|CMAKE_LINK_STARTFILE-NOTFOUND|([^/\]+-)?ld|collect2)[^/\]*( |$)]
  ignore line: [Change Dir: /global/homes/b/bhavay07/hnswlib/CMakeFiles/CMakeTmp]
  ignore line: []
  ignore line: [Run Build Command:"/usr/bin/gmake" "cmTC_1806b/fast"]
  ignore line: [gmake[1]: Entering directory '/global/u2/b/bhavay07/hnswlib/CMakeFiles/CMakeTmp']
  ignore line: [/usr/bin/gmake -f CMakeFiles/cmTC_1806b.dir/build.make CMakeFiles/cmTC_1806b.dir/build]
  ignore line: [gmake[2]: Entering directory '/global/u2/b/bhavay07/hnswlib/CMakeFiles/CMakeTmp']
  ignore line: [Building CXX object CMakeFiles/cmTC_1806b.dir/CMakeCXXCompilerABI.cpp.o]
  ignore line: [/opt/cray/pe/craype/2.6.2/bin/CC     -o CMakeFiles/cmTC_1806b.dir/CMakeCXXCompilerABI.cpp.o -c /usr/share/cmake/Modules/CMakeCXXCompilerABI.cpp]
  ignore line: [Linking CXX executable cmTC_1806b]
  ignore line: [/usr/bin/cmake -E cmake_link_script CMakeFiles/cmTC_1806b.dir/link.txt --verbose=1]
  ignore line: [/opt/cray/pe/craype/2.6.2/bin/CC      -v CMakeFiles/cmTC_1806b.dir/CMakeCXXCompilerABI.cpp.o  -o cmTC_1806b ]
  ignore line: [__INTEL_PRE_CFLAGS options:  -Qlocation,ld,/global/common/cori/software/altd/2.0/bin]
  ignore line: [icpc version 19.0.3.199 (gcc version 7.5.0 compatibility)]
  ignore line: [/opt/intel/compilers_and_libraries_2019.3.199/linux/bin/intel64/mcpcom    -mGLOB_em64t=TRUE -mP1OPT_version=19.0-intel64 -mGLOB_diag_file=CMakeFiles/cmTC_1806b.dir/CMakeCXXCompilerABI.cpp.diag -mGLOB_long_size_64 -mGLOB_routine_pointer_size_64 -mP1OPT_print_version=FALSE -mCG_use_gas_got_workaround=F -mP2OPT_align_option_used=TRUE -mGLOB_gcc_version=750 "-mGLOB_options_string=-I/opt/cray/pe/libsci/19.06.1/INTEL/16.0/x86_64/include -I/opt/cray/pe/mpt/7.7.10/gni/mpich-intel/16.0/include -I/opt/cray/rca/2.2.20-7.0.1.1_4.65__g8e3fb5b.ari/include -I/opt/cray/alps/6.6.58-7.0.1.1_6.22__g437d88db.ari/include -I/opt/cray/xpmem/2.2.20-7.0.1.1_4.23__g0475745.ari/include -I/opt/cray/gni-headers/5.0.12.0-7.0.1.1_6.43__g3b1768f.ari/include -I/opt/cray/pe/pmi/5.0.14/include -I/opt/cray/ugni/6.0.14.0-7.0.1.1_7.54__ge78e5b0.ari/include -I/opt/cray/udreg/2.3.2-7.0.1.1_3.52__g8175d3d.ari/include -I/opt/cray/wlm_detect/1.3.3-7.0.1.1_4.21__g7109084.ari/include -I/opt/cray/krca/2.2.6-7.0.1.1_5.48__gb641b12.ari/include -I/opt/cray-hss-devel/9.0.0/include -Qlocation,ld,/global/common/cori/software/altd/2.0/bin -xCORE-AVX2 -D__CRAYXC -D__CRAY_HASWELL -D__CRAYXT_COMPUTE_LINUX_TARGET -v -o cmTC_1806b -Wl,-rpath=/opt/intel/compilers_and_libraries_2019.3.199/linux/compiler/lib/intel64 -L/opt/cray/pe/libsci/19.06.1/INTEL/16.0/x86_64/lib -L/opt/cray/dmapp/default/lib64 -L/opt/cray/pe/mpt/7.7.10/gni/mpich-intel/16.0/lib -L/opt/cray/dmapp/default/lib64 -L/opt/cray/pe/mpt/7.7.10/gni/mpich-intel/16.0/lib -L/opt/cray/rca/2.2.20-7.0.1.1_4.65__g8e3fb5b.ari/lib64 -L/usr/common/software/darshan/3.2.1/lib -L/opt/cray/pe/atp/2.1.3/libApp -Wl,-Ttext-segment=0x20000000 -Wl,-zmax-page-size=0x20000000 -Wl,--whole-archive,-lhugetlbfs,--no-whole-archive -Wl,--no-as-needed,-lAtpSigHandler,-lAtpSigHCommData -Wl,--undefined=_ATP_Data_Globals -Wl,--undefined=__atpHandlerInstall -lrca -Wl,-rpath=/usr/common/software/darshan/3.2.1/lib -Wl,-no-as-needed -ldarshan -lz -Wl,--as-needed,-lmpich_intel,--no-as-needed -Wl,--as-needed,-lmpichcxx_intel,--no-as-needed -Wl,--as-needed,-lsci_intel_mpi,--no-as-needed -Wl,--as-needed,-lsci_intel,--no-as-needed -Wl,--as-needed,-lstdc++,--no-as-needed -Wl,--as-needed,-limf,--no-as-needed -Wl,--as-needed,-lm,--no-as-needed -Wl,--as-needed,-lifcoremt,--no-as-needed -Wl,--as-needed,-lifport,--no-as-needed -Wl,--as-needed,-lpthread,--no-as-needed" -mGLOB_cxx_limited_range=FALSE -mCG_extend_parms=FALSE -mGLOB_compiler_bin_directory=/opt/intel/compilers_and_libraries_2019.3.199/linux/bin/intel64 -mGLOB_as_output_backup_file_name=/tmp/icpcsCdsndas_.s -mGLOB_dashboard_use_source_name -mIPOPT_activate -mGLOB_product_id_code=0x22006d90 -mGLOB_extended_instructions=0x4000 -mGLOB_advanced_optim=TRUE -mP3OPT_use_mspp_call_convention -mP2OPT_subs_out_of_bound=FALSE -mP2OPT_disam_type_based_disam=2 -mP2OPT_disam_assume_ansi_c -mP2OPT_checked_disam_ansi_alias=TRUE -mGLOB_ansi_alias -mPGOPTI_value_profile_use=T -mGLOB_opt_report_use_source_name -mP2OPT_il0_array_sections=TRUE -mGLOB_offload_mode=1 -mP2OPT_offload_unique_var_string=icpc0542990496QvW3MG -mP2OPT_hlo -mP2OPT_hpo_rtt_control=0 -mIPOPT_args_in_regs=0 -mP2OPT_disam_assume_nonstd_intent_in=FALSE -mGLOB_imf_mapping_library=/opt/intel/compilers_and_libraries_2019.3.199/linux/bin/intel64/libiml_attr.so -mPGOPTI_gen_threadsafe_level=0 -mIPOPT_link -mIPOPT_ipo_activate -mIPOPT_mo_activate -mIPOPT_source_files_list=/tmp/icpcslis7Ej4Ty -mIPOPT_mo_global_data -mIPOPT_link_script_file=/tmp/icpcscriptgY9K8S "-mIPOPT_cmdline_link="/usr/lib64/gcc/x86_64-suse-linux/7/../../../../lib64/crt1.o" "/usr/lib64/gcc/x86_64-suse-linux/7/../../../../lib64/crti.o" "/usr/lib64/gcc/x86_64-suse-linux/7/crtbegin.o" "--eh-frame-hdr" "--build-id" "-dynamic-linker" "/lib64/ld-linux-x86-64.so.2" "-m" "elf_x86_64" "-L/opt/cray/pe/libsci/19.06.1/INTEL/16.0/x86_64/lib" "-L/opt/cray/dmapp/default/lib64" "-L/opt/cray/pe/mpt/7.7.10/gni/mpich-intel/16.0/lib" "-L/opt/cray/dmapp/default/lib64" "-L/opt/cray/pe/mpt/7.7.10/gni/mpich-intel/16.0/lib" "-L/opt/cray/rca/2.2.20-7.0.1.1_4.65__g8e3fb5b.ari/lib64" "-L/usr/common/software/darshan/3.2.1/lib" "-L/opt/cray/pe/atp/2.1.3/libApp" "-o" "cmTC_1806b" "-L/opt/intel/compilers_and_libraries_2019.3.199/linux/compiler/lib/intel64" "-L/opt/intel/compilers_and_libraries_2019.3.199/linux/mkl/lib/intel64" "-L/opt/intel/compilers_and_libraries_2019.3.199/linux/compiler/lib/intel64_lin" "-L/usr/lib64/gcc/x86_64-suse-linux/7/" "-L/usr/lib64/gcc/x86_64-suse-linux/7/../../../../lib64" "-L/usr/lib64/gcc/x86_64-suse-linux/7/../../../../lib64/" "-L/lib/../lib64" "-L/lib/../lib64/" "-L/usr/lib/../lib64" "-L/usr/lib/../lib64/" "-L/opt/intel/compilers_and_libraries_2019.3.199/linux/compiler/lib/intel64/" "-L/opt/intel/compilers_and_libraries_2019.3.199/linux/mkl/lib/intel64/" "-L/usr/lib64/gcc/x86_64-suse-linux/7/../../../../x86_64-suse-linux/lib/" "-L/usr/lib64/gcc/x86_64-suse-linux/7/../../../" "-L/lib64" "-L/lib/" "-L/usr/lib64" "-L/usr/lib" "CMakeFiles/cmTC_1806b.dir/CMakeCXXCompilerABI.cpp.o" "-rpath=/opt/intel/compilers_and_libraries_2019.3.199/linux/compiler/lib/intel64" "-Ttext-segment=0x20000000" "-zmax-page-size=0x20000000" "--whole-archive" "-lhugetlbfs" "--no-whole-archive" "--no-as-needed" "-lAtpSigHandler" "-lAtpSigHCommData" "--undefined=_ATP_Data_Globals" "--undefined=__atpHandlerInstall" "-lrca" "-rpath=/usr/common/software/darshan/3.2.1/lib" "-no-as-needed" "-ldarshan" "-lz" "--as-needed" "-lmpich_intel" "--no-as-needed" "--as-needed" "-lmpichcxx_intel" "--no-as-needed" "--as-needed" "-lsci_intel_mpi" "--no-as-needed" "--as-needed" "-lsci_intel" "--no-as-needed" "--as-needed" "-lstdc++" "--no-as-needed" "--as-needed" "-limf" "--no-as-needed" "--as-needed" "-lm" "--no-as-needed" "--as-needed" "-lifcoremt" "--no-as-needed" "--as-needed" "-lifport" "--no-as-needed" "--as-needed" "-lpthread" "--no-as-needed" "-Bdynamic" "-Bstatic" "-limf" "-lsvml" "-lirng" "-Bdynamic" "-lstdc++" "-lm" "-Bstatic" "-lipgo" "-ldecimal" "--as-needed" "-Bdynamic" "-lcilkrts" "--no-as-needed" "-lstdc++" "-lgcc" "-lgcc_s" "-Bstatic" "-lirc" "-lsvml" "-Bdynamic" "-lc" "-lgcc" "-lgcc_s" "-Bstatic" "-lirc_s" "-Bdynamic" "-ldl" "-lc" "/usr/lib64/gcc/x86_64-suse-linux/7/crtend.o" "/usr/lib64/gcc/x86_64-suse-linux/7/../../../../lib64/crtn.o"" -mIPOPT_il_in_obj -mIPOPT_ipo_activate_warn=FALSE -mIPOPT_obj_output_file_name=/tmp/ipo_icpc5vpXtB.o -mIPOPT_whole_archive_fixup_file_name=/tmp/icpcwarchtgiBiT -mGLOB_linker_version=2.35.1.20201123 -mGLOB_linker=/global/common/cori/software/altd/2.0/bin/ld -mGLOB_driver_tempfile_name=/tmp/icpctempfile3fl3Ye -mP3OPT_asm_target=P3OPT_ASM_TARGET_GAS -mGLOB_async_unwind_tables=TRUE -mGLOB_obj_output_file=/tmp/ipo_icpc5vpXtB.o -mGLOB_source_dialect=GLOB_SOURCE_DIALECT_NONE -mP1OPT_source_file_name=ipo_out.c CMakeFiles/cmTC_1806b.dir/CMakeCXXCompilerABI.cpp.o -mIPOPT_object_files=T -mIPOPT_assembly_files=/tmp/icpcalisoBWjXf -mIPOPT_generated_tempfiles=/tmp/icpcelisJgo0bA -mIPOPT_embedded_object_base_name=/tmp/icpceobjqjWGqU -mIPOPT_cmdline_link_new_name=/tmp/icpcllis3jAnFe]
  link line: [/global/common/cori/software/altd/2.0/bin/ld    /usr/lib64/gcc/x86_64-suse-linux/7/../../../../lib64/crt1.o /usr/lib64/gcc/x86_64-suse-linux/7/../../../../lib64/crti.o /usr/lib64/gcc/x86_64-suse-linux/7/crtbegin.o --eh-frame-hdr --build-id -dynamic-linker /lib64/ld-linux-x86-64.so.2 -m elf_x86_64 -L/opt/cray/pe/libsci/19.06.1/INTEL/16.0/x86_64/lib -L/opt/cray/dmapp/default/lib64 -L/opt/cray/pe/mpt/7.7.10/gni/mpich-intel/16.0/lib -L/opt/cray/dmapp/default/lib64 -L/opt/cray/pe/mpt/7.7.10/gni/mpich-intel/16.0/lib -L/opt/cray/rca/2.2.20-7.0.1.1_4.65__g8e3fb5b.ari/lib64 -L/usr/common/software/darshan/3.2.1/lib -L/opt/cray/pe/atp/2.1.3/libApp -o cmTC_1806b -L/opt/intel/compilers_and_libraries_2019.3.199/linux/compiler/lib/intel64 -L/opt/intel/compilers_and_libraries_2019.3.199/linux/mkl/lib/intel64 -L/opt/intel/compilers_and_libraries_2019.3.199/linux/compiler/lib/intel64_lin -L/usr/lib64/gcc/x86_64-suse-linux/7/ -L/usr/lib64/gcc/x86_64-suse-linux/7/../../../../lib64 -L/usr/lib64/gcc/x86_64-suse-linux/7/../../../../lib64/ -L/lib/../lib64 -L/lib/../lib64/ -L/usr/lib/../lib64 -L/usr/lib/../lib64/ -L/opt/intel/compilers_and_libraries_2019.3.199/linux/compiler/lib/intel64/ -L/opt/intel/compilers_and_libraries_2019.3.199/linux/mkl/lib/intel64/ -L/usr/lib64/gcc/x86_64-suse-linux/7/../../../../x86_64-suse-linux/lib/ -L/usr/lib64/gcc/x86_64-suse-linux/7/../../../ -L/lib64 -L/lib/ -L/usr/lib64 -L/usr/lib CMakeFiles/cmTC_1806b.dir/CMakeCXXCompilerABI.cpp.o -rpath=/opt/intel/compilers_and_libraries_2019.3.199/linux/compiler/lib/intel64 -Ttext-segment=0x20000000 -zmax-page-size=0x20000000 --whole-archive -lhugetlbfs --no-whole-archive --no-as-needed -lAtpSigHandler -lAtpSigHCommData --undefined=_ATP_Data_Globals --undefined=__atpHandlerInstall -lrca -rpath=/usr/common/software/darshan/3.2.1/lib -no-as-needed -ldarshan -lz --as-needed -lmpich_intel --no-as-needed --as-needed -lmpichcxx_intel --no-as-needed --as-needed -lsci_intel_mpi --no-as-needed --as-needed -lsci_intel --no-as-needed --as-needed -lstdc++ --no-as-needed --as-needed -limf --no-as-needed --as-needed -lm --no-as-needed --as-needed -lifcoremt --no-as-needed --as-needed -lifport --no-as-needed --as-needed -lpthread --no-as-needed -Bdynamic -Bstatic -limf -lsvml -lirng -Bdynamic -lstdc++ -lm -Bstatic -lipgo -ldecimal --as-needed -Bdynamic -lcilkrts --no-as-needed -lstdc++ -lgcc -lgcc_s -Bstatic -lirc -lsvml -Bdynamic -lc -lgcc -lgcc_s -Bstatic -lirc_s -Bdynamic -ldl -lc /usr/lib64/gcc/x86_64-suse-linux/7/crtend.o /usr/lib64/gcc/x86_64-suse-linux/7/../../../../lib64/crtn.o]
    arg [/global/common/cori/software/altd/2.0/bin/ld] ==> ignore
    arg [/usr/lib64/gcc/x86_64-suse-linux/7/../../../../lib64/crt1.o] ==> ignore
    arg [/usr/lib64/gcc/x86_64-suse-linux/7/../../../../lib64/crti.o] ==> ignore
    arg [/usr/lib64/gcc/x86_64-suse-linux/7/crtbegin.o] ==> ignore
    arg [--eh-frame-hdr] ==> ignore
    arg [--build-id] ==> ignore
    arg [-dynamic-linker] ==> ignore
    arg [/lib64/ld-linux-x86-64.so.2] ==> ignore
    arg [-m] ==> ignore
    arg [elf_x86_64] ==> ignore
    arg [-L/opt/cray/pe/libsci/19.06.1/INTEL/16.0/x86_64/lib] ==> dir [/opt/cray/pe/libsci/19.06.1/INTEL/16.0/x86_64/lib]
    arg [-L/opt/cray/dmapp/default/lib64] ==> dir [/opt/cray/dmapp/default/lib64]
    arg [-L/opt/cray/pe/mpt/7.7.10/gni/mpich-intel/16.0/lib] ==> dir [/opt/cray/pe/mpt/7.7.10/gni/mpich-intel/16.0/lib]
    arg [-L/opt/cray/dmapp/default/lib64] ==> dir [/opt/cray/dmapp/default/lib64]
    arg [-L/opt/cray/pe/mpt/7.7.10/gni/mpich-intel/16.0/lib] ==> dir [/opt/cray/pe/mpt/7.7.10/gni/mpich-intel/16.0/lib]
    arg [-L/opt/cray/rca/2.2.20-7.0.1.1_4.65__g8e3fb5b.ari/lib64] ==> dir [/opt/cray/rca/2.2.20-7.0.1.1_4.65__g8e3fb5b.ari/lib64]
    arg [-L/usr/common/software/darshan/3.2.1/lib] ==> dir [/usr/common/software/darshan/3.2.1/lib]
    arg [-L/opt/cray/pe/atp/2.1.3/libApp] ==> dir [/opt/cray/pe/atp/2.1.3/libApp]
    arg [-o] ==> ignore
    arg [cmTC_1806b] ==> ignore
    arg [-L/opt/intel/compilers_and_libraries_2019.3.199/linux/compiler/lib/intel64] ==> dir [/opt/intel/compilers_and_libraries_2019.3.199/linux/compiler/lib/intel64]
    arg [-L/opt/intel/compilers_and_libraries_2019.3.199/linux/mkl/lib/intel64] ==> dir [/opt/intel/compilers_and_libraries_2019.3.199/linux/mkl/lib/intel64]
    arg [-L/opt/intel/compilers_and_libraries_2019.3.199/linux/compiler/lib/intel64_lin] ==> dir [/opt/intel/compilers_and_libraries_2019.3.199/linux/compiler/lib/intel64_lin]
    arg [-L/usr/lib64/gcc/x86_64-suse-linux/7/] ==> dir [/usr/lib64/gcc/x86_64-suse-linux/7/]
    arg [-L/usr/lib64/gcc/x86_64-suse-linux/7/../../../../lib64] ==> dir [/usr/lib64/gcc/x86_64-suse-linux/7/../../../../lib64]
    arg [-L/usr/lib64/gcc/x86_64-suse-linux/7/../../../../lib64/] ==> dir [/usr/lib64/gcc/x86_64-suse-linux/7/../../../../lib64/]
    arg [-L/lib/../lib64] ==> dir [/lib/../lib64]
    arg [-L/lib/../lib64/] ==> dir [/lib/../lib64/]
    arg [-L/usr/lib/../lib64] ==> dir [/usr/lib/../lib64]
    arg [-L/usr/lib/../lib64/] ==> dir [/usr/lib/../lib64/]
    arg [-L/opt/intel/compilers_and_libraries_2019.3.199/linux/compiler/lib/intel64/] ==> dir [/opt/intel/compilers_and_libraries_2019.3.199/linux/compiler/lib/intel64/]
    arg [-L/opt/intel/compilers_and_libraries_2019.3.199/linux/mkl/lib/intel64/] ==> dir [/opt/intel/compilers_and_libraries_2019.3.199/linux/mkl/lib/intel64/]
    arg [-L/usr/lib64/gcc/x86_64-suse-linux/7/../../../../x86_64-suse-linux/lib/] ==> dir [/usr/lib64/gcc/x86_64-suse-linux/7/../../../../x86_64-suse-linux/lib/]
    arg [-L/usr/lib64/gcc/x86_64-suse-linux/7/../../../] ==> dir [/usr/lib64/gcc/x86_64-suse-linux/7/../../../]
    arg [-L/lib64] ==> dir [/lib64]
    arg [-L/lib/] ==> dir [/lib/]
    arg [-L/usr/lib64] ==> dir [/usr/lib64]
    arg [-L/usr/lib] ==> dir [/usr/lib]
    arg [CMakeFiles/cmTC_1806b.dir/CMakeCXXCompilerABI.cpp.o] ==> ignore
    arg [-rpath=/opt/intel/compilers_and_libraries_2019.3.199/linux/compiler/lib/intel64] ==> ignore
    arg [-Ttext-segment=0x20000000] ==> ignore
    arg [-zmax-page-size=0x20000000] ==> ignore
    arg [--whole-archive] ==> ignore
    arg [-lhugetlbfs] ==> lib [hugetlbfs]
    arg [--no-whole-archive] ==> ignore
    arg [--no-as-needed] ==> ignore
    arg [-lAtpSigHandler] ==> lib [AtpSigHandler]
    arg [-lAtpSigHCommData] ==> lib [AtpSigHCommData]
    arg [--undefined=_ATP_Data_Globals] ==> ignore
    arg [--undefined=__atpHandlerInstall] ==> ignore
    arg [-lrca] ==> lib [rca]
    arg [-rpath=/usr/common/software/darshan/3.2.1/lib] ==> ignore
    arg [-no-as-needed] ==> ignore
    arg [-ldarshan] ==> lib [darshan]
    arg [-lz] ==> lib [z]
    arg [--as-needed] ==> ignore
    arg [-lmpich_intel] ==> lib [mpich_intel]
    arg [--no-as-needed] ==> ignore
    arg [--as-needed] ==> ignore
    arg [-lmpichcxx_intel] ==> lib [mpichcxx_intel]
    arg [--no-as-needed] ==> ignore
    arg [--as-needed] ==> ignore
    arg [-lsci_intel_mpi] ==> lib [sci_intel_mpi]
    arg [--no-as-needed] ==> ignore
    arg [--as-needed] ==> ignore
    arg [-lsci_intel] ==> lib [sci_intel]
    arg [--no-as-needed] ==> ignore
    arg [--as-needed] ==> ignore
    arg [-lstdc++] ==> lib [stdc++]
    arg [--no-as-needed] ==> ignore
    arg [--as-needed] ==> ignore
    arg [-limf] ==> lib [imf]
    arg [--no-as-needed] ==> ignore
    arg [--as-needed] ==> ignore
    arg [-lm] ==> lib [m]
    arg [--no-as-needed] ==> ignore
    arg [--as-needed] ==> ignore
    arg [-lifcoremt] ==> lib [ifcoremt]
    arg [--no-as-needed] ==> ignore
    arg [--as-needed] ==> ignore
    arg [-lifport] ==> lib [ifport]
    arg [--no-as-needed] ==> ignore
    arg [--as-needed] ==> ignore
    arg [-lpthread] ==> lib [pthread]
    arg [--no-as-needed] ==> ignore
    arg [-Bdynamic] ==> ignore
    arg [-Bstatic] ==> ignore
    arg [-limf] ==> lib [imf]
    arg [-lsvml] ==> lib [svml]
    arg [-lirng] ==> lib [irng]
    arg [-Bdynamic] ==> ignore
    arg [-lstdc++] ==> lib [stdc++]
    arg [-lm] ==> lib [m]
    arg [-Bstatic] ==> ignore
    arg [-lipgo] ==> lib [ipgo]
    arg [-ldecimal] ==> lib [decimal]
    arg [--as-needed] ==> ignore
    arg [-Bdynamic] ==> ignore
    arg [-lcilkrts] ==> lib [cilkrts]
    arg [--no-as-needed] ==> ignore
    arg [-lstdc++] ==> lib [stdc++]
    arg [-lgcc] ==> lib [gcc]
    arg [-lgcc_s] ==> lib [gcc_s]
    arg [-Bstatic] ==> ignore
    arg [-lirc] ==> lib [irc]
    arg [-lsvml] ==> lib [svml]
    arg [-Bdynamic] ==> ignore
    arg [-lc] ==> lib [c]
    arg [-lgcc] ==> lib [gcc]
    arg [-lgcc_s] ==> lib [gcc_s]
    arg [-Bstatic] ==> ignore
    arg [-lirc_s] ==> lib [irc_s]
    arg [-Bdynamic] ==> ignore
    arg [-ldl] ==> lib [dl]
    arg [-lc] ==> lib [c]
    arg [/usr/lib64/gcc/x86_64-suse-linux/7/crtend.o] ==> ignore
    arg [/usr/lib64/gcc/x86_64-suse-linux/7/../../../../lib64/crtn.o] ==> ignore
  collapse library dir [/opt/cray/pe/libsci/19.06.1/INTEL/16.0/x86_64/lib] ==> [/opt/cray/pe/libsci/19.06.1/INTEL/16.0/x86_64/lib]
  collapse library dir [/opt/cray/dmapp/default/lib64] ==> [/opt/cray/dmapp/default/lib64]
  collapse library dir [/opt/cray/pe/mpt/7.7.10/gni/mpich-intel/16.0/lib] ==> [/opt/cray/pe/mpt/7.7.10/gni/mpich-intel/16.0/lib]
  collapse library dir [/opt/cray/dmapp/default/lib64] ==> [/opt/cray/dmapp/default/lib64]
  collapse library dir [/opt/cray/pe/mpt/7.7.10/gni/mpich-intel/16.0/lib] ==> [/opt/cray/pe/mpt/7.7.10/gni/mpich-intel/16.0/lib]
  collapse library dir [/opt/cray/rca/2.2.20-7.0.1.1_4.65__g8e3fb5b.ari/lib64] ==> [/opt/cray/rca/2.2.20-7.0.1.1_4.65__g8e3fb5b.ari/lib64]
  collapse library dir [/usr/common/software/darshan/3.2.1/lib] ==> [/usr/common/software/darshan/3.2.1/lib]
  collapse library dir [/opt/cray/pe/atp/2.1.3/libApp] ==> [/opt/cray/pe/atp/2.1.3/libApp]
  collapse library dir [/opt/intel/compilers_and_libraries_2019.3.199/linux/compiler/lib/intel64] ==> [/opt/intel/compilers_and_libraries_2019.3.199/linux/compiler/lib/intel64]
  collapse library dir [/opt/intel/compilers_and_libraries_2019.3.199/linux/mkl/lib/intel64] ==> [/opt/intel/compilers_and_libraries_2019.3.199/linux/mkl/lib/intel64]
  collapse library dir [/opt/intel/compilers_and_libraries_2019.3.199/linux/compiler/lib/intel64_lin] ==> [/opt/intel/compilers_and_libraries_2019.3.199/linux/compiler/lib/intel64_lin]
  collapse library dir [/usr/lib64/gcc/x86_64-suse-linux/7/] ==> [/usr/lib64/gcc/x86_64-suse-linux/7]
  collapse library dir [/usr/lib64/gcc/x86_64-suse-linux/7/../../../../lib64] ==> [/usr/lib64]
  collapse library dir [/usr/lib64/gcc/x86_64-suse-linux/7/../../../../lib64/] ==> [/usr/lib64]
  collapse library dir [/lib/../lib64] ==> [/lib64]
  collapse library dir [/lib/../lib64/] ==> [/lib64]
  collapse library dir [/usr/lib/../lib64] ==> [/usr/lib64]
  collapse library dir [/usr/lib/../lib64/] ==> [/usr/lib64]
  collapse library dir [/opt/intel/compilers_and_libraries_2019.3.199/linux/compiler/lib/intel64/] ==> [/opt/intel/compilers_and_libraries_2019.3.199/linux/compiler/lib/intel64]
  collapse library dir [/opt/intel/compilers_and_libraries_2019.3.199/linux/mkl/lib/intel64/] ==> [/opt/intel/compilers_and_libraries_2019.3.199/linux/mkl/lib/intel64]
  collapse library dir [/usr/lib64/gcc/x86_64-suse-linux/7/../../../../x86_64-suse-linux/lib/] ==> [/usr/x86_64-suse-linux/lib]
  collapse library dir [/usr/lib64/gcc/x86_64-suse-linux/7/../../../] ==> [/usr/lib64]
  collapse library dir [/lib64] ==> [/lib64]
  collapse library dir [/lib/] ==> [/lib]
  collapse library dir [/usr/lib64] ==> [/usr/lib64]
  collapse library dir [/usr/lib] ==> [/usr/lib]
  implicit libs: [hugetlbfs;AtpSigHandler;AtpSigHCommData;rca;darshan;z;mpich_intel;mpichcxx_intel;sci_intel_mpi;sci_intel;stdc++;imf;m;ifcoremt;ifport;pthread;imf;svml;irng;stdc++;m;ipgo;decimal;cilkrts;stdc++;gcc;gcc_s;irc;svml;c;gcc;gcc_s;irc_s;dl;c]
  implicit dirs: [/opt/cray/pe/libsci/19.06.1/INTEL/16.0/x86_64/lib;/opt/cray/dmapp/default/lib64;/opt/cray/pe/mpt/7.7.10/gni/mpich-intel/16.0/lib;/opt/cray/rca/2.2.20-7.0.1.1_4.65__g8e3fb5b.ari/lib64;/usr/common/software/darshan/3.2.1/lib;/opt/cray/pe/atp/2.1.3/libApp;/opt/intel/compilers_and_libraries_2019.3.199/linux/compiler/lib/intel64;/opt/intel/compilers_and_libraries_2019.3.199/linux/mkl/lib/intel64;/opt/intel/compilers_and_libraries_2019.3.199/linux/compiler/lib/intel64_lin;/usr/lib64/gcc/x86_64-suse-linux/7;/usr/lib64;/lib64;/usr/x86_64-suse-linux/lib;/lib;/usr/lib]
  implicit fwks: []




Detecting CXX [-std=c++14] compiler features compiled with the following output:
Change Dir: /global/homes/b/bhavay07/hnswlib/CMakeFiles/CMakeTmp

Run Build Command:"/usr/bin/gmake" "cmTC_d783a/fast"
gmake[1]: Entering directory '/global/u2/b/bhavay07/hnswlib/CMakeFiles/CMakeTmp'
/usr/bin/gmake -f CMakeFiles/cmTC_d783a.dir/build.make CMakeFiles/cmTC_d783a.dir/build
gmake[2]: Entering directory '/global/u2/b/bhavay07/hnswlib/CMakeFiles/CMakeTmp'
Building CXX object CMakeFiles/cmTC_d783a.dir/feature_tests.cxx.o
/opt/cray/pe/craype/2.6.2/bin/CC    -std=c++14 -o CMakeFiles/cmTC_d783a.dir/feature_tests.cxx.o -c /global/homes/b/bhavay07/hnswlib/CMakeFiles/feature_tests.cxx
Linking CXX executable cmTC_d783a
/usr/bin/cmake -E cmake_link_script CMakeFiles/cmTC_d783a.dir/link.txt --verbose=1
/opt/cray/pe/craype/2.6.2/bin/CC       CMakeFiles/cmTC_d783a.dir/feature_tests.cxx.o  -o cmTC_d783a 
gmake[2]: Leaving directory '/global/u2/b/bhavay07/hnswlib/CMakeFiles/CMakeTmp'
gmake[1]: Leaving directory '/global/u2/b/bhavay07/hnswlib/CMakeFiles/CMakeTmp'


    Feature record: CXX_FEATURE:1cxx_aggregate_default_initializers
    Feature record: CXX_FEATURE:1cxx_alias_templates
    Feature record: CXX_FEATURE:1cxx_alignas
    Feature record: CXX_FEATURE:1cxx_alignof
    Feature record: CXX_FEATURE:1cxx_attributes
    Feature record: CXX_FEATURE:1cxx_attribute_deprecated
    Feature record: CXX_FEATURE:1cxx_auto_type
    Feature record: CXX_FEATURE:1cxx_binary_literals
    Feature record: CXX_FEATURE:1cxx_constexpr
    Feature record: CXX_FEATURE:1cxx_contextual_conversions
    Feature record: CXX_FEATURE:1cxx_decltype
    Feature record: CXX_FEATURE:1cxx_decltype_auto
    Feature record: CXX_FEATURE:1cxx_decltype_incomplete_return_types
    Feature record: CXX_FEATURE:1cxx_default_function_template_args
    Feature record: CXX_FEATURE:1cxx_defaulted_functions
    Feature record: CXX_FEATURE:1cxx_defaulted_move_initializers
    Feature record: CXX_FEATURE:1cxx_delegating_constructors
    Feature record: CXX_FEATURE:1cxx_deleted_functions
    Feature record: CXX_FEATURE:1cxx_digit_separators
    Feature record: CXX_FEATURE:1cxx_enum_forward_declarations
    Feature record: CXX_FEATURE:1cxx_explicit_conversions
    Feature record: CXX_FEATURE:1cxx_extended_friend_declarations
    Feature record: CXX_FEATURE:1cxx_extern_templates
    Feature record: CXX_FEATURE:1cxx_final
    Feature record: CXX_FEATURE:1cxx_func_identifier
    Feature record: CXX_FEATURE:1cxx_generic_lambdas
    Feature record: CXX_FEATURE:1cxx_inheriting_constructors
    Feature record: CXX_FEATURE:1cxx_inline_namespaces
    Feature record: CXX_FEATURE:1cxx_lambdas
    Feature record: CXX_FEATURE:1cxx_lambda_init_captures
    Feature record: CXX_FEATURE:1cxx_local_type_template_args
    Feature record: CXX_FEATURE:1cxx_long_long_type
    Feature record: CXX_FEATURE:1cxx_noexcept
    Feature record: CXX_FEATURE:1cxx_nonstatic_member_init
    Feature record: CXX_FEATURE:1cxx_nullptr
    Feature record: CXX_FEATURE:1cxx_override
    Feature record: CXX_FEATURE:1cxx_range_for
    Feature record: CXX_FEATURE:1cxx_raw_string_literals
    Feature record: CXX_FEATURE:1cxx_reference_qualified_functions
    Feature record: CXX_FEATURE:1cxx_relaxed_constexpr
    Feature record: CXX_FEATURE:1cxx_return_type_deduction
    Feature record: CXX_FEATURE:1cxx_right_angle_brackets
    Feature record: CXX_FEATURE:1cxx_rvalue_references
    Feature record: CXX_FEATURE:1cxx_sizeof_member
    Feature record: CXX_FEATURE:1cxx_static_assert
    Feature record: CXX_FEATURE:1cxx_strong_enums
    Feature record: CXX_FEATURE:1cxx_template_template_parameters
    Feature record: CXX_FEATURE:1cxx_thread_local
    Feature record: CXX_FEATURE:1cxx_trailing_return_types
    Feature record: CXX_FEATURE:1cxx_unicode_literals
    Feature record: CXX_FEATURE:1cxx_uniform_initialization
    Feature record: CXX_FEATURE:1cxx_unrestricted_unions
    Feature record: CXX_FEATURE:1cxx_user_literals
    Feature record: CXX_FEATURE:1cxx_variable_templates
    Feature record: CXX_FEATURE:1cxx_variadic_macros
    Feature record: CXX_FEATURE:1cxx_variadic_templates


Detecting CXX [-std=c++11] compiler features compiled with the following output:
Change Dir: /global/homes/b/bhavay07/hnswlib/CMakeFiles/CMakeTmp

Run Build Command:"/usr/bin/gmake" "cmTC_c2ce0/fast"
gmake[1]: Entering directory '/global/u2/b/bhavay07/hnswlib/CMakeFiles/CMakeTmp'
/usr/bin/gmake -f CMakeFiles/cmTC_c2ce0.dir/build.make CMakeFiles/cmTC_c2ce0.dir/build
gmake[2]: Entering directory '/global/u2/b/bhavay07/hnswlib/CMakeFiles/CMakeTmp'
Building CXX object CMakeFiles/cmTC_c2ce0.dir/feature_tests.cxx.o
/opt/cray/pe/craype/2.6.2/bin/CC    -std=c++11 -o CMakeFiles/cmTC_c2ce0.dir/feature_tests.cxx.o -c /global/homes/b/bhavay07/hnswlib/CMakeFiles/feature_tests.cxx
Linking CXX executable cmTC_c2ce0
/usr/bin/cmake -E cmake_link_script CMakeFiles/cmTC_c2ce0.dir/link.txt --verbose=1
/opt/cray/pe/craype/2.6.2/bin/CC       CMakeFiles/cmTC_c2ce0.dir/feature_tests.cxx.o  -o cmTC_c2ce0 
gmake[2]: Leaving directory '/global/u2/b/bhavay07/hnswlib/CMakeFiles/CMakeTmp'
gmake[1]: Leaving directory '/global/u2/b/bhavay07/hnswlib/CMakeFiles/CMakeTmp'


    Feature record: CXX_FEATURE:0cxx_aggregate_default_initializers
    Feature record: CXX_FEATURE:1cxx_alias_templates
    Feature record: CXX_FEATURE:1cxx_alignas
    Feature record: CXX_FEATURE:1cxx_alignof
    Feature record: CXX_FEATURE:1cxx_attributes
    Feature record: CXX_FEATURE:0cxx_attribute_deprecated
    Feature record: CXX_FEATURE:1cxx_auto_type
    Feature record: CXX_FEATURE:1cxx_binary_literals
    Feature record: CXX_FEATURE:1cxx_constexpr
    Feature record: CXX_FEATURE:0cxx_contextual_conversions
    Feature record: CXX_FEATURE:1cxx_decltype
    Feature record: CXX_FEATURE:0cxx_decltype_auto
    Feature record: CXX_FEATURE:1cxx_decltype_incomplete_return_types
    Feature record: CXX_FEATURE:1cxx_default_function_template_args
    Feature record: CXX_FEATURE:1cxx_defaulted_functions
    Feature record: CXX_FEATURE:1cxx_defaulted_move_initializers
    Feature record: CXX_FEATURE:1cxx_delegating_constructors
    Feature record: CXX_FEATURE:1cxx_deleted_functions
    Feature record: CXX_FEATURE:0cxx_digit_separators
    Feature record: CXX_FEATURE:1cxx_enum_forward_declarations
    Feature record: CXX_FEATURE:1cxx_explicit_conversions
    Feature record: CXX_FEATURE:1cxx_extended_friend_declarations
    Feature record: CXX_FEATURE:1cxx_extern_templates
    Feature record: CXX_FEATURE:1cxx_final
    Feature record: CXX_FEATURE:1cxx_func_identifier
    Feature record: CXX_FEATURE:0cxx_generic_lambdas
    Feature record: CXX_FEATURE:1cxx_inheriting_constructors
    Feature record: CXX_FEATURE:1cxx_inline_namespaces
    Feature record: CXX_FEATURE:1cxx_lambdas
    Feature record: CXX_FEATURE:0cxx_lambda_init_captures
    Feature record: CXX_FEATURE:1cxx_local_type_template_args
    Feature record: CXX_FEATURE:1cxx_long_long_type
    Feature record: CXX_FEATURE:1cxx_noexcept
    Feature record: CXX_FEATURE:1cxx_nonstatic_member_init
    Feature record: CXX_FEATURE:1cxx_nullptr
    Feature record: CXX_FEATURE:1cxx_override
    Feature record: CXX_FEATURE:1cxx_range_for
    Feature record: CXX_FEATURE:1cxx_raw_string_literals
    Feature record: CXX_FEATURE:1cxx_reference_qualified_functions
    Feature record: CXX_FEATURE:0cxx_relaxed_constexpr
    Feature record: CXX_FEATURE:0cxx_return_type_deduction
    Feature record: CXX_FEATURE:1cxx_right_angle_brackets
    Feature record: CXX_FEATURE:1cxx_rvalue_references
    Feature record: CXX_FEATURE:1cxx_sizeof_member
    Feature record: CXX_FEATURE:1cxx_static_assert
    Feature record: CXX_FEATURE:1cxx_strong_enums
    Feature record: CXX_FEATURE:1cxx_template_template_parameters
    Feature record: CXX_FEATURE:1cxx_thread_local
    Feature record: CXX_FEATURE:1cxx_trailing_return_types
    Feature record: CXX_FEATURE:1cxx_unicode_literals
    Feature record: CXX_FEATURE:1cxx_uniform_initialization
    Feature record: CXX_FEATURE:1cxx_unrestricted_unions
    Feature record: CXX_FEATURE:1cxx_user_literals
    Feature record: CXX_FEATURE:0cxx_variable_templates
    Feature record: CXX_FEATURE:1cxx_variadic_macros
    Feature record: CXX_FEATURE:1cxx_variadic_templates


Detecting CXX [-std=c++98] compiler features compiled with the following output:
Change Dir: /global/homes/b/bhavay07/hnswlib/CMakeFiles/CMakeTmp

Run Build Command:"/usr/bin/gmake" "cmTC_130a2/fast"
gmake[1]: Entering directory '/global/u2/b/bhavay07/hnswlib/CMakeFiles/CMakeTmp'
/usr/bin/gmake -f CMakeFiles/cmTC_130a2.dir/build.make CMakeFiles/cmTC_130a2.dir/build
gmake[2]: Entering directory '/global/u2/b/bhavay07/hnswlib/CMakeFiles/CMakeTmp'
Building CXX object CMakeFiles/cmTC_130a2.dir/feature_tests.cxx.o
/opt/cray/pe/craype/2.6.2/bin/CC    -std=c++98 -o CMakeFiles/cmTC_130a2.dir/feature_tests.cxx.o -c /global/homes/b/bhavay07/hnswlib/CMakeFiles/feature_tests.cxx
Linking CXX executable cmTC_130a2
/usr/bin/cmake -E cmake_link_script CMakeFiles/cmTC_130a2.dir/link.txt --verbose=1
/opt/cray/pe/craype/2.6.2/bin/CC       CMakeFiles/cmTC_130a2.dir/feature_tests.cxx.o  -o cmTC_130a2 
gmake[2]: Leaving directory '/global/u2/b/bhavay07/hnswlib/CMakeFiles/CMakeTmp'
gmake[1]: Leaving directory '/global/u2/b/bhavay07/hnswlib/CMakeFiles/CMakeTmp'


    Feature record: CXX_FEATURE:0cxx_aggregate_default_initializers
    Feature record: CXX_FEATURE:0cxx_alias_templates
    Feature record: CXX_FEATURE:0cxx_alignas
    Feature record: CXX_FEATURE:0cxx_alignof
    Feature record: CXX_FEATURE:0cxx_attributes
    Feature record: CXX_FEATURE:0cxx_attribute_deprecated
    Feature record: CXX_FEATURE:0cxx_auto_type
    Feature record: CXX_FEATURE:1cxx_binary_literals
    Feature record: CXX_FEATURE:0cxx_constexpr
    Feature record: CXX_FEATURE:0cxx_contextual_conversions
    Feature record: CXX_FEATURE:0cxx_decltype
    Feature record: CXX_FEATURE:0cxx_decltype_auto
    Feature record: CXX_FEATURE:0cxx_decltype_incomplete_return_types
    Feature record: CXX_FEATURE:0cxx_default_function_template_args
    Feature record: CXX_FEATURE:0cxx_defaulted_functions
    Feature record: CXX_FEATURE:0cxx_defaulted_move_initializers
    Feature record: CXX_FEATURE:0cxx_delegating_constructors
    Feature record: CXX_FEATURE:0cxx_deleted_functions
    Feature record: CXX_FEATURE:0cxx_digit_separators
    Feature record: CXX_FEATURE:0cxx_enum_forward_declarations
    Feature record: CXX_FEATURE:0cxx_explicit_conversions
    Feature record: CXX_FEATURE:0cxx_extended_friend_declarations
    Feature record: CXX_FEATURE:0cxx_extern_templates
    Feature record: CXX_FEATURE:0cxx_final
    Feature record: CXX_FEATURE:0cxx_func_identifier
    Feature record: CXX_FEATURE:0cxx_generic_lambdas
    Feature record: CXX_FEATURE:0cxx_inheriting_constructors
    Feature record: CXX_FEATURE:0cxx_inline_namespaces
    Feature record: CXX_FEATURE:0cxx_lambdas
    Feature record: CXX_FEATURE:0cxx_lambda_init_captures
    Feature record: CXX_FEATURE:0cxx_local_type_template_args
    Feature record: CXX_FEATURE:0cxx_long_long_type
    Feature record: CXX_FEATURE:0cxx_noexcept
    Feature record: CXX_FEATURE:0cxx_nonstatic_member_init
    Feature record: CXX_FEATURE:0cxx_nullptr
    Feature record: CXX_FEATURE:0cxx_override
    Feature record: CXX_FEATURE:0cxx_range_for
    Feature record: CXX_FEATURE:0cxx_raw_string_literals
    Feature record: CXX_FEATURE:0cxx_reference_qualified_functions
    Feature record: CXX_FEATURE:0cxx_relaxed_constexpr
    Feature record: CXX_FEATURE:0cxx_return_type_deduction
    Feature record: CXX_FEATURE:0cxx_right_angle_brackets
    Feature record: CXX_FEATURE:0cxx_rvalue_references
    Feature record: CXX_FEATURE:0cxx_sizeof_member
    Feature record: CXX_FEATURE:0cxx_static_assert
    Feature record: CXX_FEATURE:0cxx_strong_enums
    Feature record: CXX_FEATURE:0cxx_template_template_parameters
    Feature record: CXX_FEATURE:0cxx_thread_local
    Feature record: CXX_FEATURE:0cxx_trailing_return_types
    Feature record: CXX_FEATURE:0cxx_unicode_literals
    Feature record: CXX_FEATURE:0cxx_uniform_initialization
    Feature record: CXX_FEATURE:0cxx_unrestricted_unions
    Feature record: CXX_FEATURE:0cxx_user_literals
    Feature record: CXX_FEATURE:0cxx_variable_templates
    Feature record: CXX_FEATURE:0cxx_variadic_macros
    Feature record: CXX_FEATURE:0cxx_variadic_templates
